Log file open, 08/24/22 16:47:05
LogInit: Display: Running engine for game: Avenger
LogPlatformFile: Not using cached read wrapper
LogTaskGraph: Started task graph with 5 named threads and 14 total threads with 3 sets of task threads.
LogStats: Stats thread started at 0.734717
LogD3D11RHI: Loaded GFSDK_Aftermath_Lib.x64.dll
LogICUInternationalization: ICU TimeZone Detection - Raw Offset: +9:00, Platform Override: ''
LogPluginManager: Mounting plugin Paper2D
LogPluginManager: Mounting plugin AISupport
LogPluginManager: Mounting plugin LightPropagationVolume
LogPluginManager: Mounting plugin CameraShakePreviewer
LogPluginManager: Mounting plugin ActorLayerUtilities
LogPluginManager: Mounting plugin AnimationSharing
LogPluginManager: Mounting plugin CLionSourceCodeAccess
LogPluginManager: Mounting plugin CodeLiteSourceCodeAccess
LogPluginManager: Mounting plugin GitSourceControl
LogPluginManager: Mounting plugin KDevelopSourceCodeAccess
LogPluginManager: Mounting plugin NullSourceCodeAccess
LogPluginManager: Mounting plugin PerforceSourceControl
LogPluginManager: Mounting plugin PlasticSourceControl
LogPluginManager: Mounting plugin RiderSourceCodeAccess
LogPluginManager: Mounting plugin SubversionSourceControl
LogPluginManager: Mounting plugin UObjectPlugin
LogPluginManager: Mounting plugin VisualStudioCodeSourceCodeAccess
LogPluginManager: Mounting plugin VisualStudioSourceCodeAccess
LogPluginManager: Mounting plugin XCodeSourceCodeAccess
LogPluginManager: Mounting plugin AssetManagerEditor
LogPluginManager: Mounting plugin CryptoKeys
LogPluginManager: Mounting plugin CurveEditorTools
LogPluginManager: Mounting plugin DataValidation
LogPluginManager: Mounting plugin EditorScriptingUtilities
LogPluginManager: Mounting plugin FacialAnimation
LogPluginManager: Mounting plugin GameplayTagsEditor
LogPluginManager: Mounting plugin GeometryMode
LogPluginManager: Mounting plugin MacGraphicsSwitching
LogPluginManager: Mounting plugin MaterialAnalyzer
LogPluginManager: Mounting plugin MobileLauncherProfileWizard
LogPluginManager: Mounting plugin PluginBrowser
LogPluginManager: Mounting plugin SpeedTreeImporter
LogPluginManager: Mounting plugin DatasmithContent
LogPluginManager: Mounting plugin VariantManagerContent
LogPluginManager: Mounting plugin AlembicImporter
LogPluginManager: Mounting plugin AutomationUtils
LogPluginManager: Mounting plugin BackChannel
LogPluginManager: Mounting plugin ChaosCloth
LogPluginManager: Mounting plugin ChaosClothEditor
LogPluginManager: Mounting plugin ChaosEditor
LogPluginManager: Mounting plugin ChaosNiagara
LogPluginManager: Mounting plugin ChaosSolverPlugin
LogPluginManager: Mounting plugin CharacterAI
LogPluginManager: Mounting plugin GeometryCache
LogPluginManager: Mounting plugin GeometryCollectionPlugin
LogPluginManager: Mounting plugin GeometryProcessing
LogPluginManager: Mounting plugin PlanarCut
LogPluginManager: Mounting plugin PlatformCrypto
LogPluginManager: Mounting plugin ProxyLODPlugin
LogPluginManager: Mounting plugin SkeletalReduction
LogPluginManager: Mounting plugin Niagara
LogPluginManager: Mounting plugin MagicLeap
LogPluginManager: Mounting plugin MagicLeapLightEstimation
LogPluginManager: Mounting plugin MagicLeapMedia
LogPluginManager: Mounting plugin MagicLeapPassableWorld
LogPluginManager: Mounting plugin MLSDK
LogPluginManager: Mounting plugin AndroidMedia
LogPluginManager: Mounting plugin AvfMedia
LogPluginManager: Mounting plugin ImgMedia
LogPluginManager: Mounting plugin MediaCompositing
LogPluginManager: Mounting plugin MediaPlayerEditor
LogPluginManager: Mounting plugin WebMMedia
LogPluginManager: Mounting plugin WmfMedia
LogPluginManager: Mounting plugin MeshPainting
LogPluginManager: Mounting plugin TcpMessaging
LogPluginManager: Mounting plugin UdpMessaging
LogPluginManager: Mounting plugin ActorSequence
LogPluginManager: Mounting plugin LevelSequenceEditor
LogPluginManager: Mounting plugin MatineeToLevelSequence
LogPluginManager: Mounting plugin MovieRenderPipeline
LogPluginManager: Mounting plugin TemplateSequence
LogPluginManager: Mounting plugin NetcodeUnitTest
LogPluginManager: Mounting plugin NUTUnrealEngine4
LogPluginManager: Mounting plugin OnlineSubsystemGooglePlay
LogPluginManager: Mounting plugin OnlineSubsystemIOS
LogPluginManager: Mounting plugin OnlineSubsystem
LogPluginManager: Mounting plugin OnlineSubsystemNull
LogPluginManager: Mounting plugin OnlineSubsystemUtils
LogPluginManager: Mounting plugin LauncherChunkInstaller
LogPluginManager: Mounting plugin AndroidDeviceProfileSelector
LogPluginManager: Mounting plugin AndroidMoviePlayer
LogPluginManager: Mounting plugin AndroidPermission
LogPluginManager: Mounting plugin AppleImageUtils
LogPluginManager: Mounting plugin AppleMoviePlayer
LogPluginManager: Mounting plugin ArchVisCharacter
LogPluginManager: Mounting plugin AssetTags
LogPluginManager: Mounting plugin AudioCapture
LogPluginManager: Mounting plugin CableComponent
LogPluginManager: Mounting plugin CustomMeshComponent
LogPluginManager: Mounting plugin EditableMesh
LogPluginManager: Mounting plugin ExampleDeviceProfileSelector
LogPluginManager: Mounting plugin GoogleCloudMessaging
LogPluginManager: Mounting plugin GooglePAD
LogPluginManager: Mounting plugin IOSDeviceProfileSelector
LogPluginManager: Mounting plugin LinuxDeviceProfileSelector
LogPluginManager: Mounting plugin LocationServicesBPLibrary
LogPluginManager: Mounting plugin MobilePatchingUtils
LogPluginManager: Mounting plugin OculusVR
LogPluginManager: Mounting plugin PhysXVehicles
LogPluginManager: Mounting plugin PostSplashScreen
LogPluginManager: Mounting plugin ProceduralMeshComponent
LogPluginManager: Mounting plugin RuntimePhysXCooking
LogPluginManager: Mounting plugin SignificanceManager
LogPluginManager: Mounting plugin SoundFields
LogPluginManager: Mounting plugin SteamVR
LogPluginManager: Mounting plugin Synthesis
LogPluginManager: Mounting plugin WebMMoviePlayer
LogPluginManager: Mounting plugin WindowsMoviePlayer
LogPluginManager: Mounting plugin ScreenshotTools
LogInit: Using libcurl 7.55.1-DEV
LogInit:  - built for x86_64-pc-win32
LogInit:  - supports SSL with OpenSSL/1.1.1
LogInit:  - supports HTTP deflate (compression) using libz 1.2.8
LogInit:  - other features:
LogInit:      CURL_VERSION_SSL
LogInit:      CURL_VERSION_LIBZ
LogInit:      CURL_VERSION_IPV6
LogInit:      CURL_VERSION_ASYNCHDNS
LogInit:      CURL_VERSION_LARGEFILE
LogInit:      CURL_VERSION_IDN
LogInit:  CurlRequestOptions (configurable via config and command line):
LogInit:  - bVerifyPeer = true  - Libcurl will verify peer certificate
LogInit:  - bUseHttpProxy = false  - Libcurl will NOT use HTTP proxy
LogInit:  - bDontReuseConnections = false  - Libcurl will reuse connections
LogInit:  - MaxHostConnections = 16  - Libcurl will limit the number of connections to a host
LogInit:  - LocalHostAddr = Default
LogInit:  - BufferSize = 65536
LogOnline: OSS: Creating online subsystem instance for: NULL
LogInit: WinSock: version 1.1 (2.2), MaxSocks=32767, MaxUdp=65467
LogOnline: OSS: TryLoadSubsystemAndSetDefault: Loaded subsystem for module [NULL]
LogInit: Build: ++UE4+Release-4.25-CL-14469661
LogInit: Engine Version: 4.25.4-14469661+++UE4+Release-4.25
LogInit: Compatible Engine Version: 4.25.0-13144385+++UE4+Release-4.25
LogInit: Net CL: 13144385
LogInit: OS: Windows 10 (Release 2009) (), CPU: Intel(R) Core(TM) i5-7600 CPU @ 3.50GHz, GPU: NVIDIA GeForce RTX 3060 Ti
LogInit: Compiled (64-bit): Oct 11 2020 08:10:49
LogInit: Compiled with Visual C++: 19.24.28315.00
LogInit: Build Configuration: Development
LogInit: Branch Name: ++UE4+Release-4.25
LogInit: Command Line: 
LogInit: Base Directory: D:/game/UE_4.25/Engine/Binaries/Win64/
LogInit: Allocator: TBB
LogInit: Installed Engine Build: 1
LogDevObjectVersion: Number of dev versions registered: 26
LogDevObjectVersion:   Dev-Blueprints (B0D832E4-1F89-4F0D-ACCF-7EB736FD4AA2): 10
LogDevObjectVersion:   Dev-Build (E1C64328-A22C-4D53-A36C-8E866417BD8C): 0
LogDevObjectVersion:   Dev-Core (375EC13C-06E4-48FB-B500-84F0262A717E): 4
LogDevObjectVersion:   Dev-Editor (E4B068ED-F494-42E9-A231-DA0B2E46BB41): 38
LogDevObjectVersion:   Dev-Framework (CFFC743F-43B0-4480-9391-14DF171D2073): 37
LogDevObjectVersion:   Dev-Mobile (B02B49B5-BB20-44E9-A304-32B752E40360): 2
LogDevObjectVersion:   Dev-Networking (A4E4105C-59A1-49B5-A7C5-40C4547EDFEE): 0
LogDevObjectVersion:   Dev-Online (39C831C9-5AE6-47DC-9A44-9C173E1C8E7C): 0
LogDevObjectVersion:   Dev-Physics (78F01B33-EBEA-4F98-B9B4-84EACCB95AA2): 4
LogDevObjectVersion:   Dev-Platform (6631380F-2D4D-43E0-8009-CF276956A95A): 0
LogDevObjectVersion:   Dev-Rendering (12F88B9F-8875-4AFC-A67C-D90C383ABD29): 43
LogDevObjectVersion:   Dev-Sequencer (7B5AE74C-D270-4C10-A958-57980B212A5A): 12
LogDevObjectVersion:   Dev-VR (D7296918-1DD6-4BDD-9DE2-64A83CC13884): 3
LogDevObjectVersion:   Dev-LoadTimes (C2A15278-BFE7-4AFE-6C17-90FF531DF755): 1
LogDevObjectVersion:   Private-Geometry (6EACA3D4-40EC-4CC1-B786-8BED09428FC5): 3
LogDevObjectVersion:   Dev-AnimPhys (29E575DD-E0A3-4627-9D10-D276232CDCEA): 17
LogDevObjectVersion:   Dev-Anim (AF43A65D-7FD3-4947-9873-3E8ED9C1BB05): 7
LogDevObjectVersion:   Dev-ReflectionCapture (6B266CEC-1EC7-4B8F-A30B-E4D90942FC07): 1
LogDevObjectVersion:   Dev-Automation (0DF73D61-A23F-47EA-B727-89E90C41499A): 1
LogDevObjectVersion:   FortniteMain (601D1886-AC64-4F84-AA16-D3DE0DEAC7D6): 31
LogDevObjectVersion:   Dev-Enterprise (9DFFBCD6-494F-0158-E221-12823C92A888): 10
LogDevObjectVersion:   Dev-Niagara (F2AED0AC-9AFE-416F-8664-AA7FFA26D6FC): 1
LogDevObjectVersion:   Dev-Destruction (174F1F0B-B4C6-45A5-B13F-2EE8D0FB917D): 10
LogDevObjectVersion:   Dev-Physics-Ext (35F94A83-E258-406C-A318-09F59610247C): 37
LogDevObjectVersion:   Dev-PhysicsMaterial-Chaos (B68FC16E-8B1B-42E2-B453-215C058844FE): 1
LogDevObjectVersion:   Dev-CineCamera (B2E18506-4273-CFC2-A54E-F4BB758BBA07): 1
LogInit: Presizing for max 25165824 objects, including 0 objects not considered by GC, pre-allocating 0 bytes for permanent pool.
LogConfig: Applying CVar settings from Section [/Script/Engine.StreamingSettings] File [D:/Users/bb/Documents/GitHub/Avenger/Avenger/Saved/Config/Windows/Engine.ini]
LogConfig: Setting CVar [[s.MinBulkDataSizeForAsyncLoading:131072]]
LogConfig: Setting CVar [[s.AsyncLoadingThreadEnabled:0]]
LogConfig: Setting CVar [[s.EventDrivenLoaderEnabled:1]]
LogConfig: Setting CVar [[s.WarnIfTimeLimitExceeded:0]]
LogConfig: Setting CVar [[s.TimeLimitExceededMultiplier:1.5]]
LogConfig: Setting CVar [[s.TimeLimitExceededMinTime:0.005]]
LogConfig: Setting CVar [[s.UseBackgroundLevelStreaming:1]]
LogConfig: Setting CVar [[s.PriorityAsyncLoadingExtraTime:15.0]]
LogConfig: Setting CVar [[s.LevelStreamingActorsUpdateTimeLimit:5.0]]
LogConfig: Setting CVar [[s.PriorityLevelStreamingActorsUpdateExtraTime:5.0]]
LogConfig: Setting CVar [[s.LevelStreamingComponentsRegistrationGranularity:10]]
LogConfig: Setting CVar [[s.UnregisterComponentsTimeLimit:1.0]]
LogConfig: Setting CVar [[s.LevelStreamingComponentsUnregistrationGranularity:5]]
LogConfig: Setting CVar [[s.FlushStreamingOnExit:1]]
LogInit: Object subsystem initialized
LogConfig: Setting CVar [[con.DebugEarlyDefault:1]]
LogConfig: Setting CVar [[r.setres:1280x720]]
[2022.08.24-07.47.06:811][  0]LogConfig: Setting CVar [[r.VSync:0]]
[2022.08.24-07.47.06:811][  0]LogConfig: Setting CVar [[r.RHICmdBypass:0]]
[2022.08.24-07.47.06:812][  0]LogConfig: Applying CVar settings from Section [/Script/Engine.RendererSettings] File [D:/Users/bb/Documents/GitHub/Avenger/Avenger/Saved/Config/Windows/Engine.ini]
[2022.08.24-07.47.06:812][  0]LogConfig: Setting CVar [[r.GPUCrashDebugging:0]]
[2022.08.24-07.47.06:812][  0]LogConfig: Applying CVar settings from Section [/Script/Engine.RendererOverrideSettings] File [D:/Users/bb/Documents/GitHub/Avenger/Avenger/Saved/Config/Windows/Engine.ini]
[2022.08.24-07.47.06:812][  0]LogConfig: Applying CVar settings from Section [/Script/Engine.StreamingSettings] File [D:/Users/bb/Documents/GitHub/Avenger/Avenger/Saved/Config/Windows/Engine.ini]
[2022.08.24-07.47.06:812][  0]LogConfig: Setting CVar [[s.MinBulkDataSizeForAsyncLoading:131072]]
[2022.08.24-07.47.06:812][  0]LogConfig: Setting CVar [[s.AsyncLoadingThreadEnabled:0]]
[2022.08.24-07.47.06:812][  0]LogConfig: Setting CVar [[s.EventDrivenLoaderEnabled:1]]
[2022.08.24-07.47.06:812][  0]LogConfig: Setting CVar [[s.WarnIfTimeLimitExceeded:0]]
[2022.08.24-07.47.06:812][  0]LogConfig: Setting CVar [[s.TimeLimitExceededMultiplier:1.5]]
[2022.08.24-07.47.06:812][  0]LogConfig: Setting CVar [[s.TimeLimitExceededMinTime:0.005]]
[2022.08.24-07.47.06:812][  0]LogConfig: Setting CVar [[s.UseBackgroundLevelStreaming:1]]
[2022.08.24-07.47.06:812][  0]LogConfig: Setting CVar [[s.PriorityAsyncLoadingExtraTime:15.0]]
[2022.08.24-07.47.06:812][  0]LogConfig: Setting CVar [[s.LevelStreamingActorsUpdateTimeLimit:5.0]]
[2022.08.24-07.47.06:812][  0]LogConfig: Setting CVar [[s.PriorityLevelStreamingActorsUpdateExtraTime:5.0]]
[2022.08.24-07.47.06:812][  0]LogConfig: Setting CVar [[s.LevelStreamingComponentsRegistrationGranularity:10]]
[2022.08.24-07.47.06:812][  0]LogConfig: Setting CVar [[s.UnregisterComponentsTimeLimit:1.0]]
[2022.08.24-07.47.06:812][  0]LogConfig: Setting CVar [[s.LevelStreamingComponentsUnregistrationGranularity:5]]
[2022.08.24-07.47.06:812][  0]LogConfig: Setting CVar [[s.FlushStreamingOnExit:1]]
[2022.08.24-07.47.06:812][  0]LogConfig: Applying CVar settings from Section [/Script/Engine.GarbageCollectionSettings] File [D:/Users/bb/Documents/GitHub/Avenger/Avenger/Saved/Config/Windows/Engine.ini]
[2022.08.24-07.47.06:812][  0]LogConfig: Setting CVar [[gc.MaxObjectsNotConsideredByGC:1]]
[2022.08.24-07.47.06:812][  0]LogConfig: Setting CVar [[gc.SizeOfPermanentObjectPool:0]]
[2022.08.24-07.47.06:812][  0]LogConfig: Setting CVar [[gc.FlushStreamingOnGC:0]]
[2022.08.24-07.47.06:812][  0]LogConfig: Setting CVar [[gc.NumRetriesBeforeForcingGC:10]]
[2022.08.24-07.47.06:812][  0]LogConfig: Setting CVar [[gc.AllowParallelGC:1]]
[2022.08.24-07.47.06:812][  0]LogConfig: Setting CVar [[gc.TimeBetweenPurgingPendingKillObjects:61.1]]
[2022.08.24-07.47.06:812][  0]LogConfig: Setting CVar [[gc.MaxObjectsInEditor:25165824]]
[2022.08.24-07.47.06:812][  0]LogConfig: Setting CVar [[gc.IncrementalBeginDestroyEnabled:1]]
[2022.08.24-07.47.06:812][  0]LogConfig: Setting CVar [[gc.CreateGCClusters:1]]
[2022.08.24-07.47.06:812][  0]LogConfig: Setting CVar [[gc.MinGCClusterSize:5]]
[2022.08.24-07.47.06:812][  0]LogConfig: Setting CVar [[gc.ActorClusteringEnabled:0]]
[2022.08.24-07.47.06:812][  0]LogConfig: Setting CVar [[gc.BlueprintClusteringEnabled:0]]
[2022.08.24-07.47.06:812][  0]LogConfig: Setting CVar [[gc.UseDisregardForGCOnDedicatedServers:0]]
[2022.08.24-07.47.06:812][  0]LogConfig: Applying CVar settings from Section [/Script/Engine.NetworkSettings] File [D:/Users/bb/Documents/GitHub/Avenger/Avenger/Saved/Config/Windows/Engine.ini]
[2022.08.24-07.47.06:812][  0]LogConfig: Applying CVar settings from Section [/Script/UnrealEd.CookerSettings] File [D:/Users/bb/Documents/GitHub/Avenger/Avenger/Saved/Config/Windows/Engine.ini]
[2022.08.24-07.47.06:826][  0]LogConfig: Applying CVar settings from Section [ViewDistanceQuality@3] File [D:/Users/bb/Documents/GitHub/Avenger/Avenger/Saved/Config/Windows/Scalability.ini]
[2022.08.24-07.47.06:826][  0]LogConfig: Setting CVar [[r.SkeletalMeshLODBias:0]]
[2022.08.24-07.47.06:826][  0]LogConfig: Setting CVar [[r.ViewDistanceScale:1.0]]
[2022.08.24-07.47.06:826][  0]LogConfig: Applying CVar settings from Section [AntiAliasingQuality@3] File [D:/Users/bb/Documents/GitHub/Avenger/Avenger/Saved/Config/Windows/Scalability.ini]
[2022.08.24-07.47.06:826][  0]LogConfig: Setting CVar [[r.PostProcessAAQuality:4]]
[2022.08.24-07.47.06:826][  0]LogConfig: Applying CVar settings from Section [ShadowQuality@3] File [D:/Users/bb/Documents/GitHub/Avenger/Avenger/Saved/Config/Windows/Scalability.ini]
[2022.08.24-07.47.06:826][  0]LogConfig: Setting CVar [[r.LightFunctionQuality:1]]
[2022.08.24-07.47.06:826][  0]LogConfig: Setting CVar [[r.ShadowQuality:5]]
[2022.08.24-07.47.06:826][  0]LogConfig: Setting CVar [[r.Shadow.CSM.MaxCascades:10]]
[2022.08.24-07.47.06:826][  0]LogConfig: Setting CVar [[r.Shadow.MaxResolution:2048]]
[2022.08.24-07.47.06:826][  0]LogConfig: Setting CVar [[r.Shadow.MaxCSMResolution:2048]]
[2022.08.24-07.47.06:826][  0]LogConfig: Setting CVar [[r.Shadow.RadiusThreshold:0.01]]
[2022.08.24-07.47.06:826][  0]LogConfig: Setting CVar [[r.Shadow.DistanceScale:1.0]]
[2022.08.24-07.47.06:826][  0]LogConfig: Setting CVar [[r.Shadow.CSM.TransitionScale:1.0]]
[2022.08.24-07.47.06:826][  0]LogConfig: Setting CVar [[r.Shadow.PreShadowResolutionFactor:1.0]]
[2022.08.24-07.47.06:826][  0]LogConfig: Setting CVar [[r.DistanceFieldShadowing:1]]
[2022.08.24-07.47.06:826][  0]LogConfig: Setting CVar [[r.DistanceFieldAO:1]]
[2022.08.24-07.47.06:826][  0]LogConfig: Setting CVar [[r.AOQuality:2]]
[2022.08.24-07.47.06:826][  0]LogConfig: Setting CVar [[r.VolumetricFog:1]]
[2022.08.24-07.47.06:826][  0]LogConfig: Setting CVar [[r.VolumetricFog.GridPixelSize:8]]
[2022.08.24-07.47.06:826][  0]LogConfig: Setting CVar [[r.VolumetricFog.GridSizeZ:128]]
[2022.08.24-07.47.06:826][  0]LogConfig: Setting CVar [[r.VolumetricFog.HistoryMissSupersampleCount:4]]
[2022.08.24-07.47.06:826][  0]LogConfig: Setting CVar [[r.LightMaxDrawDistanceScale:1]]
[2022.08.24-07.47.06:826][  0]LogConfig: Setting CVar [[r.CapsuleShadows:1]]
[2022.08.24-07.47.06:826][  0]LogConfig: Applying CVar settings from Section [PostProcessQuality@3] File [D:/Users/bb/Documents/GitHub/Avenger/Avenger/Saved/Config/Windows/Scalability.ini]
[2022.08.24-07.47.06:826][  0]LogConfig: Setting CVar [[r.MotionBlurQuality:4]]
[2022.08.24-07.47.06:826][  0]LogConfig: Setting CVar [[r.AmbientOcclusionMipLevelFactor:0.4]]
[2022.08.24-07.47.06:826][  0]LogConfig: Setting CVar [[r.AmbientOcclusionMaxQuality:100]]
[2022.08.24-07.47.06:826][  0]LogConfig: Setting CVar [[r.AmbientOcclusionLevels:-1]]
[2022.08.24-07.47.06:826][  0]LogConfig: Setting CVar [[r.AmbientOcclusionRadiusScale:1.0]]
[2022.08.24-07.47.06:826][  0]LogConfig: Setting CVar [[r.DepthOfFieldQuality:2]]
[2022.08.24-07.47.06:826][  0]LogConfig: Setting CVar [[r.RenderTargetPoolMin:400]]
[2022.08.24-07.47.06:826][  0]LogConfig: Setting CVar [[r.LensFlareQuality:2]]
[2022.08.24-07.47.06:826][  0]LogConfig: Setting CVar [[r.SceneColorFringeQuality:1]]
[2022.08.24-07.47.06:826][  0]LogConfig: Setting CVar [[r.EyeAdaptationQuality:2]]
[2022.08.24-07.47.06:826][  0]LogConfig: Setting CVar [[r.BloomQuality:5]]
[2022.08.24-07.47.06:826][  0]LogConfig: Setting CVar [[r.FastBlurThreshold:100]]
[2022.08.24-07.47.06:826][  0]LogConfig: Setting CVar [[r.Upscale.Quality:3]]
[2022.08.24-07.47.06:826][  0]LogConfig: Setting CVar [[r.Tonemapper.GrainQuantization:1]]
[2022.08.24-07.47.06:826][  0]LogConfig: Setting CVar [[r.LightShaftQuality:1]]
[2022.08.24-07.47.06:826][  0]LogConfig: Setting CVar [[r.Filter.SizeScale:1]]
[2022.08.24-07.47.06:826][  0]LogConfig: Setting CVar [[r.Tonemapper.Quality:5]]
[2022.08.24-07.47.06:826][  0]LogConfig: Setting CVar [[r.DOF.Gather.AccumulatorQuality:1        ; higher gathering accumulator quality]]
[2022.08.24-07.47.06:826][  0]LogConfig: Setting CVar [[r.DOF.Gather.PostfilterMethod:1          ; Median3x3 postfilering method]]
[2022.08.24-07.47.06:826][  0]LogConfig: Setting CVar [[r.DOF.Gather.EnableBokehSettings:0       ; no bokeh simulation when gathering]]
[2022.08.24-07.47.06:826][  0]LogConfig: Setting CVar [[r.DOF.Gather.RingCount:4                 ; medium number of samples when gathering]]
[2022.08.24-07.47.06:826][  0]LogConfig: Setting CVar [[r.DOF.Scatter.ForegroundCompositing:1    ; additive foreground scattering]]
[2022.08.24-07.47.06:826][  0]LogConfig: Setting CVar [[r.DOF.Scatter.BackgroundCompositing:2    ; additive background scattering]]
[2022.08.24-07.47.06:826][  0]LogConfig: Setting CVar [[r.DOF.Scatter.EnableBokehSettings:1      ; bokeh simulation when scattering]]
[2022.08.24-07.47.06:826][  0]LogConfig: Setting CVar [[r.DOF.Scatter.MaxSpriteRatio:0.1         ; only a maximum of 10% of scattered bokeh]]
[2022.08.24-07.47.06:826][  0]LogConfig: Setting CVar [[r.DOF.Recombine.Quality:1                ; cheap slight out of focus]]
[2022.08.24-07.47.06:826][  0]LogConfig: Setting CVar [[r.DOF.Recombine.EnableBokehSettings:0    ; no bokeh simulation on slight out of focus]]
[2022.08.24-07.47.06:826][  0]LogConfig: Setting CVar [[r.DOF.TemporalAAQuality:1                ; more stable temporal accumulation]]
[2022.08.24-07.47.06:826][  0]LogConfig: Setting CVar [[r.DOF.Kernel.MaxForegroundRadius:0.025]]
[2022.08.24-07.47.06:826][  0]LogConfig: Setting CVar [[r.DOF.Kernel.MaxBackgroundRadius:0.025]]
[2022.08.24-07.47.06:826][  0]LogConfig: Applying CVar settings from Section [TextureQuality@3] File [D:/Users/bb/Documents/GitHub/Avenger/Avenger/Saved/Config/Windows/Scalability.ini]
[2022.08.24-07.47.06:826][  0]LogConfig: Setting CVar [[r.Streaming.MipBias:0]]
[2022.08.24-07.47.06:826][  0]LogConfig: Setting CVar [[r.Streaming.AmortizeCPUToGPUCopy:0]]
[2022.08.24-07.47.06:826][  0]LogConfig: Setting CVar [[r.Streaming.MaxNumTexturesToStreamPerFrame:0]]
[2022.08.24-07.47.06:826][  0]LogConfig: Setting CVar [[r.Streaming.Boost:1]]
[2022.08.24-07.47.06:826][  0]LogConfig: Setting CVar [[r.MaxAnisotropy:8]]
[2022.08.24-07.47.06:826][  0]LogConfig: Setting CVar [[r.VT.MaxAnisotropy:8]]
[2022.08.24-07.47.06:826][  0]LogConfig: Setting CVar [[r.Streaming.LimitPoolSizeToVRAM:0]]
[2022.08.24-07.47.06:826][  0]LogConfig: Setting CVar [[r.Streaming.PoolSize:1000]]
[2022.08.24-07.47.06:826][  0]LogConfig: Setting CVar [[r.Streaming.MaxEffectiveScreenSize:0]]
[2022.08.24-07.47.06:826][  0]LogConfig: Applying CVar settings from Section [EffectsQuality@3] File [D:/Users/bb/Documents/GitHub/Avenger/Avenger/Saved/Config/Windows/Scalability.ini]
[2022.08.24-07.47.06:826][  0]LogConfig: Setting CVar [[r.TranslucencyLightingVolumeDim:64]]
[2022.08.24-07.47.06:826][  0]LogConfig: Setting CVar [[r.RefractionQuality:2]]
[2022.08.24-07.47.06:826][  0]LogConfig: Setting CVar [[r.SSR.Quality:3]]
[2022.08.24-07.47.06:827][  0]LogConfig: Setting CVar [[r.SSR.HalfResSceneColor:0]]
[2022.08.24-07.47.06:827][  0]LogConfig: Setting CVar [[r.SceneColorFormat:4]]
[2022.08.24-07.47.06:827][  0]LogConfig: Setting CVar [[r.DetailMode:2]]
[2022.08.24-07.47.06:827][  0]LogConfig: Setting CVar [[r.TranslucencyVolumeBlur:1]]
[2022.08.24-07.47.06:827][  0]LogConfig: Setting CVar [[r.MaterialQualityLevel:1 ; High quality]]
[2022.08.24-07.47.06:827][  0]LogConfig: Setting CVar [[r.SSS.Scale:1]]
[2022.08.24-07.47.06:827][  0]LogConfig: Setting CVar [[r.SSS.SampleSet:2]]
[2022.08.24-07.47.06:827][  0]LogConfig: Setting CVar [[r.SSS.Quality:1]]
[2022.08.24-07.47.06:827][  0]LogConfig: Setting CVar [[r.SSS.HalfRes:0]]
[2022.08.24-07.47.06:827][  0]LogConfig: Setting CVar [[r.SSGI.Quality:3]]
[2022.08.24-07.47.06:827][  0]LogConfig: Setting CVar [[r.EmitterSpawnRateScale:1.0]]
[2022.08.24-07.47.06:827][  0]LogConfig: Setting CVar [[r.ParticleLightQuality:2]]
[2022.08.24-07.47.06:827][  0]LogConfig: Setting CVar [[r.SkyAtmosphere.AerialPerspectiveLUT.FastApplyOnOpaque:1 ; Always have FastSkyLUT 1 in this case to avoid wrong sky]]
[2022.08.24-07.47.06:827][  0]LogConfig: Setting CVar [[r.SkyAtmosphere.AerialPerspectiveLUT.SampleCountPerSlice:1]]
[2022.08.24-07.47.06:827][  0]LogConfig: Setting CVar [[r.SkyAtmosphere.AerialPerspectiveLUT.DepthResolution:16.0]]
[2022.08.24-07.47.06:827][  0]LogConfig: Setting CVar [[r.SkyAtmosphere.FastSkyLUT:1]]
[2022.08.24-07.47.06:827][  0]LogConfig: Setting CVar [[r.SkyAtmosphere.FastSkyLUT.SampleCountMin:4.0]]
[2022.08.24-07.47.06:827][  0]LogConfig: Setting CVar [[r.SkyAtmosphere.FastSkyLUT.SampleCountMax:32.0]]
[2022.08.24-07.47.06:827][  0]LogConfig: Setting CVar [[r.SkyAtmosphere.SampleCountMin:4.0]]
[2022.08.24-07.47.06:827][  0]LogConfig: Setting CVar [[r.SkyAtmosphere.SampleCountMax:32.0]]
[2022.08.24-07.47.06:827][  0]LogConfig: Setting CVar [[r.SkyAtmosphere.TransmittanceLUT.UseSmallFormat:0]]
[2022.08.24-07.47.06:827][  0]LogConfig: Setting CVar [[r.SkyAtmosphere.TransmittanceLUT.SampleCount:10.0]]
[2022.08.24-07.47.06:827][  0]LogConfig: Setting CVar [[r.SkyAtmosphere.MultiScatteringLUT.SampleCount:15.0]]
[2022.08.24-07.47.06:827][  0]LogConfig: Applying CVar settings from Section [FoliageQuality@3] File [D:/Users/bb/Documents/GitHub/Avenger/Avenger/Saved/Config/Windows/Scalability.ini]
[2022.08.24-07.47.06:827][  0]LogConfig: Setting CVar [[foliage.DensityScale:1.0]]
[2022.08.24-07.47.06:827][  0]LogConfig: Setting CVar [[grass.DensityScale:1.0]]
[2022.08.24-07.47.06:827][  0]LogConfig: Applying CVar settings from Section [ShadingQuality@3] File [D:/Users/bb/Documents/GitHub/Avenger/Avenger/Saved/Config/Windows/Scalability.ini]
[2022.08.24-07.47.06:827][  0]LogConfig: Setting CVar [[r.HairStrands.SkyLighting.SampleCount:16]]
[2022.08.24-07.47.06:827][  0]LogConfig: Setting CVar [[r.HairStrands.SkyLighting.JitterIntegration:0]]
[2022.08.24-07.47.06:827][  0]LogConfig: Setting CVar [[r.HairStrands.SkyAO.SampleCount:16]]
[2022.08.24-07.47.06:827][  0]LogConfig: Setting CVar [[r.HairStrands.DeepShadow.SuperSampling:0]]
[2022.08.24-07.47.06:827][  0]LogConfig: Setting CVar [[r.HairStrands.VisibilityPPLL:0]]
[2022.08.24-07.47.06:827][  0]LogConfig: Setting CVar [[r.HairStrands.RasterizationScale:0.5]]
[2022.08.24-07.47.06:827][  0]LogConfig: Setting CVar [[r.HairStrands.VelocityRasterizationScale:1]]
[2022.08.24-07.47.06:828][  0]LogInit: Selected Device Profile: [Windows]
[2022.08.24-07.47.06:828][  0]LogInit: Applying CVar settings loaded from the selected device profile: [Windows]
[2022.08.24-07.47.06:829][  0]LogHAL: Display: Platform has ~ 16 GB [17141637120 / 17179869184 / 16], which maps to Larger [LargestMinGB=32, LargerMinGB=12, DefaultMinGB=8, SmallerMinGB=6, SmallestMinGB=0)
[2022.08.24-07.47.06:829][  0]LogInit: Going up to parent DeviceProfile []
[2022.08.24-07.47.06:830][  0]LogConfig: Applying CVar settings from Section [ViewDistanceQuality@3] File [D:/Users/bb/Documents/GitHub/Avenger/Avenger/Saved/Config/Windows/Scalability.ini]
[2022.08.24-07.47.06:830][  0]LogConfig: Setting CVar [[r.SkeletalMeshLODBias:0]]
[2022.08.24-07.47.06:830][  0]LogConfig: Setting CVar [[r.ViewDistanceScale:1.0]]
[2022.08.24-07.47.06:830][  0]LogConfig: Applying CVar settings from Section [AntiAliasingQuality@3] File [D:/Users/bb/Documents/GitHub/Avenger/Avenger/Saved/Config/Windows/Scalability.ini]
[2022.08.24-07.47.06:830][  0]LogConfig: Setting CVar [[r.PostProcessAAQuality:4]]
[2022.08.24-07.47.06:830][  0]LogConfig: Applying CVar settings from Section [ShadowQuality@3] File [D:/Users/bb/Documents/GitHub/Avenger/Avenger/Saved/Config/Windows/Scalability.ini]
[2022.08.24-07.47.06:830][  0]LogConfig: Setting CVar [[r.LightFunctionQuality:1]]
[2022.08.24-07.47.06:830][  0]LogConfig: Setting CVar [[r.ShadowQuality:5]]
[2022.08.24-07.47.06:830][  0]LogConfig: Setting CVar [[r.Shadow.CSM.MaxCascades:10]]
[2022.08.24-07.47.06:830][  0]LogConfig: Setting CVar [[r.Shadow.MaxResolution:2048]]
[2022.08.24-07.47.06:830][  0]LogConfig: Setting CVar [[r.Shadow.MaxCSMResolution:2048]]
[2022.08.24-07.47.06:830][  0]LogConfig: Setting CVar [[r.Shadow.RadiusThreshold:0.01]]
[2022.08.24-07.47.06:830][  0]LogConfig: Setting CVar [[r.Shadow.DistanceScale:1.0]]
[2022.08.24-07.47.06:830][  0]LogConfig: Setting CVar [[r.Shadow.CSM.TransitionScale:1.0]]
[2022.08.24-07.47.06:830][  0]LogConfig: Setting CVar [[r.Shadow.PreShadowResolutionFactor:1.0]]
[2022.08.24-07.47.06:830][  0]LogConfig: Setting CVar [[r.DistanceFieldShadowing:1]]
[2022.08.24-07.47.06:830][  0]LogConfig: Setting CVar [[r.DistanceFieldAO:1]]
[2022.08.24-07.47.06:830][  0]LogConfig: Setting CVar [[r.AOQuality:2]]
[2022.08.24-07.47.06:830][  0]LogConfig: Setting CVar [[r.VolumetricFog:1]]
[2022.08.24-07.47.06:830][  0]LogConfig: Setting CVar [[r.VolumetricFog.GridPixelSize:8]]
[2022.08.24-07.47.06:830][  0]LogConfig: Setting CVar [[r.VolumetricFog.GridSizeZ:128]]
[2022.08.24-07.47.06:830][  0]LogConfig: Setting CVar [[r.VolumetricFog.HistoryMissSupersampleCount:4]]
[2022.08.24-07.47.06:830][  0]LogConfig: Setting CVar [[r.LightMaxDrawDistanceScale:1]]
[2022.08.24-07.47.06:830][  0]LogConfig: Setting CVar [[r.CapsuleShadows:1]]
[2022.08.24-07.47.06:830][  0]LogConfig: Applying CVar settings from Section [PostProcessQuality@3] File [D:/Users/bb/Documents/GitHub/Avenger/Avenger/Saved/Config/Windows/Scalability.ini]
[2022.08.24-07.47.06:830][  0]LogConfig: Setting CVar [[r.MotionBlurQuality:4]]
[2022.08.24-07.47.06:830][  0]LogConfig: Setting CVar [[r.AmbientOcclusionMipLevelFactor:0.4]]
[2022.08.24-07.47.06:830][  0]LogConfig: Setting CVar [[r.AmbientOcclusionMaxQuality:100]]
[2022.08.24-07.47.06:830][  0]LogConfig: Setting CVar [[r.AmbientOcclusionLevels:-1]]
[2022.08.24-07.47.06:830][  0]LogConfig: Setting CVar [[r.AmbientOcclusionRadiusScale:1.0]]
[2022.08.24-07.47.06:830][  0]LogConfig: Setting CVar [[r.DepthOfFieldQuality:2]]
[2022.08.24-07.47.06:830][  0]LogConfig: Setting CVar [[r.RenderTargetPoolMin:400]]
[2022.08.24-07.47.06:830][  0]LogConfig: Setting CVar [[r.LensFlareQuality:2]]
[2022.08.24-07.47.06:830][  0]LogConfig: Setting CVar [[r.SceneColorFringeQuality:1]]
[2022.08.24-07.47.06:830][  0]LogConfig: Setting CVar [[r.EyeAdaptationQuality:2]]
[2022.08.24-07.47.06:830][  0]LogConfig: Setting CVar [[r.BloomQuality:5]]
[2022.08.24-07.47.06:830][  0]LogConfig: Setting CVar [[r.FastBlurThreshold:100]]
[2022.08.24-07.47.06:830][  0]LogConfig: Setting CVar [[r.Upscale.Quality:3]]
[2022.08.24-07.47.06:830][  0]LogConfig: Setting CVar [[r.Tonemapper.GrainQuantization:1]]
[2022.08.24-07.47.06:830][  0]LogConfig: Setting CVar [[r.LightShaftQuality:1]]
[2022.08.24-07.47.06:830][  0]LogConfig: Setting CVar [[r.Filter.SizeScale:1]]
[2022.08.24-07.47.06:830][  0]LogConfig: Setting CVar [[r.Tonemapper.Quality:5]]
[2022.08.24-07.47.06:830][  0]LogConfig: Setting CVar [[r.DOF.Gather.AccumulatorQuality:1        ; higher gathering accumulator quality]]
[2022.08.24-07.47.06:830][  0]LogConfig: Setting CVar [[r.DOF.Gather.PostfilterMethod:1          ; Median3x3 postfilering method]]
[2022.08.24-07.47.06:830][  0]LogConfig: Setting CVar [[r.DOF.Gather.EnableBokehSettings:0       ; no bokeh simulation when gathering]]
[2022.08.24-07.47.06:830][  0]LogConfig: Setting CVar [[r.DOF.Gather.RingCount:4                 ; medium number of samples when gathering]]
[2022.08.24-07.47.06:830][  0]LogConfig: Setting CVar [[r.DOF.Scatter.ForegroundCompositing:1    ; additive foreground scattering]]
[2022.08.24-07.47.06:830][  0]LogConfig: Setting CVar [[r.DOF.Scatter.BackgroundCompositing:2    ; additive background scattering]]
[2022.08.24-07.47.06:830][  0]LogConfig: Setting CVar [[r.DOF.Scatter.EnableBokehSettings:1      ; bokeh simulation when scattering]]
[2022.08.24-07.47.06:831][  0]LogConfig: Setting CVar [[r.DOF.Scatter.MaxSpriteRatio:0.1         ; only a maximum of 10% of scattered bokeh]]
[2022.08.24-07.47.06:831][  0]LogConfig: Setting CVar [[r.DOF.Recombine.Quality:1                ; cheap slight out of focus]]
[2022.08.24-07.47.06:831][  0]LogConfig: Setting CVar [[r.DOF.Recombine.EnableBokehSettings:0    ; no bokeh simulation on slight out of focus]]
[2022.08.24-07.47.06:831][  0]LogConfig: Setting CVar [[r.DOF.TemporalAAQuality:1                ; more stable temporal accumulation]]
[2022.08.24-07.47.06:831][  0]LogConfig: Setting CVar [[r.DOF.Kernel.MaxForegroundRadius:0.025]]
[2022.08.24-07.47.06:831][  0]LogConfig: Setting CVar [[r.DOF.Kernel.MaxBackgroundRadius:0.025]]
[2022.08.24-07.47.06:831][  0]LogConfig: Applying CVar settings from Section [TextureQuality@3] File [D:/Users/bb/Documents/GitHub/Avenger/Avenger/Saved/Config/Windows/Scalability.ini]
[2022.08.24-07.47.06:831][  0]LogConfig: Setting CVar [[r.Streaming.MipBias:0]]
[2022.08.24-07.47.06:831][  0]LogConfig: Setting CVar [[r.Streaming.AmortizeCPUToGPUCopy:0]]
[2022.08.24-07.47.06:831][  0]LogConfig: Setting CVar [[r.Streaming.MaxNumTexturesToStreamPerFrame:0]]
[2022.08.24-07.47.06:831][  0]LogConfig: Setting CVar [[r.Streaming.Boost:1]]
[2022.08.24-07.47.06:831][  0]LogConfig: Setting CVar [[r.MaxAnisotropy:8]]
[2022.08.24-07.47.06:831][  0]LogConfig: Setting CVar [[r.VT.MaxAnisotropy:8]]
[2022.08.24-07.47.06:831][  0]LogConfig: Setting CVar [[r.Streaming.LimitPoolSizeToVRAM:0]]
[2022.08.24-07.47.06:831][  0]LogConfig: Setting CVar [[r.Streaming.PoolSize:1000]]
[2022.08.24-07.47.06:831][  0]LogConfig: Setting CVar [[r.Streaming.MaxEffectiveScreenSize:0]]
[2022.08.24-07.47.06:831][  0]LogConfig: Applying CVar settings from Section [EffectsQuality@3] File [D:/Users/bb/Documents/GitHub/Avenger/Avenger/Saved/Config/Windows/Scalability.ini]
[2022.08.24-07.47.06:831][  0]LogConfig: Setting CVar [[r.TranslucencyLightingVolumeDim:64]]
[2022.08.24-07.47.06:831][  0]LogConfig: Setting CVar [[r.RefractionQuality:2]]
[2022.08.24-07.47.06:831][  0]LogConfig: Setting CVar [[r.SSR.Quality:3]]
[2022.08.24-07.47.06:831][  0]LogConfig: Setting CVar [[r.SSR.HalfResSceneColor:0]]
[2022.08.24-07.47.06:831][  0]LogConfig: Setting CVar [[r.SceneColorFormat:4]]
[2022.08.24-07.47.06:831][  0]LogConfig: Setting CVar [[r.DetailMode:2]]
[2022.08.24-07.47.06:831][  0]LogConfig: Setting CVar [[r.TranslucencyVolumeBlur:1]]
[2022.08.24-07.47.06:831][  0]LogConfig: Setting CVar [[r.MaterialQualityLevel:1 ; High quality]]
[2022.08.24-07.47.06:831][  0]LogConfig: Setting CVar [[r.SSS.Scale:1]]
[2022.08.24-07.47.06:831][  0]LogConfig: Setting CVar [[r.SSS.SampleSet:2]]
[2022.08.24-07.47.06:831][  0]LogConfig: Setting CVar [[r.SSS.Quality:1]]
[2022.08.24-07.47.06:831][  0]LogConfig: Setting CVar [[r.SSS.HalfRes:0]]
[2022.08.24-07.47.06:831][  0]LogConfig: Setting CVar [[r.SSGI.Quality:3]]
[2022.08.24-07.47.06:831][  0]LogConfig: Setting CVar [[r.EmitterSpawnRateScale:1.0]]
[2022.08.24-07.47.06:831][  0]LogConfig: Setting CVar [[r.ParticleLightQuality:2]]
[2022.08.24-07.47.06:831][  0]LogConfig: Setting CVar [[r.SkyAtmosphere.AerialPerspectiveLUT.FastApplyOnOpaque:1 ; Always have FastSkyLUT 1 in this case to avoid wrong sky]]
[2022.08.24-07.47.06:831][  0]LogConfig: Setting CVar [[r.SkyAtmosphere.AerialPerspectiveLUT.SampleCountPerSlice:1]]
[2022.08.24-07.47.06:831][  0]LogConfig: Setting CVar [[r.SkyAtmosphere.AerialPerspectiveLUT.DepthResolution:16.0]]
[2022.08.24-07.47.06:831][  0]LogConfig: Setting CVar [[r.SkyAtmosphere.FastSkyLUT:1]]
[2022.08.24-07.47.06:831][  0]LogConfig: Setting CVar [[r.SkyAtmosphere.FastSkyLUT.SampleCountMin:4.0]]
[2022.08.24-07.47.06:831][  0]LogConfig: Setting CVar [[r.SkyAtmosphere.FastSkyLUT.SampleCountMax:32.0]]
[2022.08.24-07.47.06:831][  0]LogConfig: Setting CVar [[r.SkyAtmosphere.SampleCountMin:4.0]]
[2022.08.24-07.47.06:831][  0]LogConfig: Setting CVar [[r.SkyAtmosphere.SampleCountMax:32.0]]
[2022.08.24-07.47.06:831][  0]LogConfig: Setting CVar [[r.SkyAtmosphere.TransmittanceLUT.UseSmallFormat:0]]
[2022.08.24-07.47.06:831][  0]LogConfig: Setting CVar [[r.SkyAtmosphere.TransmittanceLUT.SampleCount:10.0]]
[2022.08.24-07.47.06:831][  0]LogConfig: Setting CVar [[r.SkyAtmosphere.MultiScatteringLUT.SampleCount:15.0]]
[2022.08.24-07.47.06:831][  0]LogConfig: Applying CVar settings from Section [FoliageQuality@3] File [D:/Users/bb/Documents/GitHub/Avenger/Avenger/Saved/Config/Windows/Scalability.ini]
[2022.08.24-07.47.06:831][  0]LogConfig: Setting CVar [[foliage.DensityScale:1.0]]
[2022.08.24-07.47.06:831][  0]LogConfig: Setting CVar [[grass.DensityScale:1.0]]
[2022.08.24-07.47.06:831][  0]LogConfig: Applying CVar settings from Section [ShadingQuality@3] File [D:/Users/bb/Documents/GitHub/Avenger/Avenger/Saved/Config/Windows/Scalability.ini]
[2022.08.24-07.47.06:831][  0]LogConfig: Setting CVar [[r.HairStrands.SkyLighting.SampleCount:16]]
[2022.08.24-07.47.06:831][  0]LogConfig: Setting CVar [[r.HairStrands.SkyLighting.JitterIntegration:0]]
[2022.08.24-07.47.06:831][  0]LogConfig: Setting CVar [[r.HairStrands.SkyAO.SampleCount:16]]
[2022.08.24-07.47.06:831][  0]LogConfig: Setting CVar [[r.HairStrands.DeepShadow.SuperSampling:0]]
[2022.08.24-07.47.06:831][  0]LogConfig: Setting CVar [[r.HairStrands.VisibilityPPLL:0]]
[2022.08.24-07.47.06:831][  0]LogConfig: Setting CVar [[r.HairStrands.RasterizationScale:0.5]]
[2022.08.24-07.47.06:831][  0]LogConfig: Setting CVar [[r.HairStrands.VelocityRasterizationScale:1]]
[2022.08.24-07.47.06:831][  0]LogConfig: Applying CVar settings from Section [Startup] File [../../../Engine/Config/ConsoleVariables.ini]
[2022.08.24-07.47.06:834][  0]LogConfig: Setting CVar [[net.UseAdaptiveNetUpdateFrequency:0]]
[2022.08.24-07.47.06:834][  0]LogConfig: Setting CVar [[p.chaos.AllowCreatePhysxBodies:1]]
[2022.08.24-07.47.06:834][  0]LogConfig: Setting CVar [[fx.SkipVectorVMBackendOptimizations:1]]
[2022.08.24-07.47.06:834][  0]LogConfig: Applying CVar settings from Section [ConsoleVariables] File [D:/Users/bb/Documents/GitHub/Avenger/Avenger/Saved/Config/Windows/Engine.ini]
[2022.08.24-07.47.06:834][  0]LogInit: Computer: DESKTOP-5TM1538
[2022.08.24-07.47.06:834][  0]LogInit: User: bb
[2022.08.24-07.47.06:834][  0]LogInit: CPU Page size=4096, Cores=4
[2022.08.24-07.47.06:834][  0]LogInit: High frequency timer resolution =10.000000 MHz
[2022.08.24-07.47.06:835][  0]LogMemory: Memory total: Physical=16.0GB (16GB approx)
[2022.08.24-07.47.06:835][  0]LogMemory: Platform Memory Stats for Windows
[2022.08.24-07.47.06:835][  0]LogMemory: Process Physical Memory: 116.61 MB used, 116.61 MB peak
[2022.08.24-07.47.06:835][  0]LogMemory: Process Virtual Memory: 95.14 MB used, 95.14 MB peak
[2022.08.24-07.47.06:835][  0]LogMemory: Physical Memory: 9611.51 MB used,  6736.03 MB free, 16347.54 MB total
[2022.08.24-07.47.06:835][  0]LogMemory: Virtual Memory: 5128.93 MB used,  134212600.00 MB free, 134217728.00 MB total
[2022.08.24-07.47.06:849][  0]LogWindows: WindowsPlatformFeatures enabled
[2022.08.24-07.47.07:145][  0]LogInit: Physics initialised using underlying interface: PhysX
[2022.08.24-07.47.07:147][  0]LogInit: Using OS detected language (ko-KR).
[2022.08.24-07.47.07:147][  0]LogInit: Using OS detected locale (ko-KR).
[2022.08.24-07.47.07:162][  0]LogTextLocalizationManager: No specific localization for 'ko-KR' exists, so the 'ko' localization will be used.
[2022.08.24-07.47.07:323][  0]LogInit: Setting process to per monitor DPI aware
[2022.08.24-07.47.07:449][  0]LogSlate: New Slate User Created.  User Index 0, Is Virtual User: 0
[2022.08.24-07.47.07:449][  0]LogSlate: Slate User Registered.  User Index 0, Is Virtual User: 0
[2022.08.24-07.47.09:168][  0]LogHMD: Failed to initialize OpenVR with code 110
[2022.08.24-07.47.09:168][  0]LogD3D11RHI: D3D11 min allowed feature level: 11_0
[2022.08.24-07.47.09:168][  0]LogD3D11RHI: D3D11 max allowed feature level: 11_0
[2022.08.24-07.47.09:168][  0]LogD3D11RHI: D3D11 adapters:
[2022.08.24-07.47.09:403][  0]LogD3D11RHI:    0. 'NVIDIA GeForce RTX 3060 Ti' (Feature Level 11_0)
[2022.08.24-07.47.09:403][  0]LogD3D11RHI:       8050/0/8173 MB DedicatedVideo/DedicatedSystem/SharedSystem, Outputs:2, VendorId:0x10de
[2022.08.24-07.47.09:408][  0]LogD3D11RHI:    1. 'Microsoft Basic Render Driver' (Feature Level 11_0)
[2022.08.24-07.47.09:408][  0]LogD3D11RHI:       0/0/8173 MB DedicatedVideo/DedicatedSystem/SharedSystem, Outputs:0, VendorId:0x1414
[2022.08.24-07.47.09:408][  0]LogD3D11RHI: Chosen D3D11 Adapter: 0
[2022.08.24-07.47.09:417][  0]LogD3D11RHI: Creating new Direct3DDevice
[2022.08.24-07.47.09:418][  0]LogD3D11RHI:     GPU DeviceId: 0x2489 (for the marketing name, search the web for "GPU Device Id")
[2022.08.24-07.47.09:418][  0]LogWindows: EnumDisplayDevices:
[2022.08.24-07.47.09:418][  0]LogWindows:    0. 'NVIDIA GeForce RTX 3060 Ti' (P:1 D:1)
[2022.08.24-07.47.09:419][  0]LogWindows:    1. 'NVIDIA GeForce RTX 3060 Ti' (P:0 D:1)
[2022.08.24-07.47.09:420][  0]LogWindows:    2. 'NVIDIA GeForce RTX 3060 Ti' (P:0 D:0)
[2022.08.24-07.47.09:422][  0]LogWindows:    3. 'NVIDIA GeForce RTX 3060 Ti' (P:0 D:0)
[2022.08.24-07.47.09:423][  0]LogWindows: DebugString: FoundDriverCount:4 
[2022.08.24-07.47.09:423][  0]LogD3D11RHI:     Adapter Name: NVIDIA GeForce RTX 3060 Ti
[2022.08.24-07.47.09:423][  0]LogD3D11RHI:   Driver Version: 516.59 (internal:31.0.15.1659, unified:516.59)
[2022.08.24-07.47.09:423][  0]LogD3D11RHI:      Driver Date: 6-23-2022
[2022.08.24-07.47.09:423][  0]LogRHI: Texture pool is 5635 MB (70% of 8050 MB)
[2022.08.24-07.47.09:501][  0]LogD3D11RHI: RHI has support for 64 bit atomics
[2022.08.24-07.47.09:502][  0]LogD3D11RHI: Async texture creation enabled
[2022.08.24-07.47.09:502][  0]LogD3D11RHI: Array index from any shader is supported
[2022.08.24-07.47.09:566][  0]LogD3D11RHI: GPU Timing Frequency: 1000.000000 (Debug: 2 1)
[2022.08.24-07.47.10:174][  0]LogTargetPlatformManager: Display: Loaded TargetPlatform 'AllDesktop'
[2022.08.24-07.47.10:202][  0]LogTargetPlatformManager: Display: Loaded TargetPlatform 'Android'
[2022.08.24-07.47.10:202][  0]LogTargetPlatformManager: Display: Loaded TargetPlatform 'Android_ASTC'
[2022.08.24-07.47.10:202][  0]LogTargetPlatformManager: Display: Loaded TargetPlatform 'Android_DXT'
[2022.08.24-07.47.10:202][  0]LogTargetPlatformManager: Display: Loaded TargetPlatform 'Android_ETC2'
[2022.08.24-07.47.10:202][  0]LogTargetPlatformManager: Display: Loaded TargetPlatform 'AndroidClient'
[2022.08.24-07.47.10:202][  0]LogTargetPlatformManager: Display: Loaded TargetPlatform 'Android_ASTCClient'
[2022.08.24-07.47.10:202][  0]LogTargetPlatformManager: Display: Loaded TargetPlatform 'Android_DXTClient'
[2022.08.24-07.47.10:202][  0]LogTargetPlatformManager: Display: Loaded TargetPlatform 'Android_ETC2Client'
[2022.08.24-07.47.10:202][  0]LogTargetPlatformManager: Display: Loaded TargetPlatform 'Android_Multi'
[2022.08.24-07.47.10:202][  0]LogTargetPlatformManager: Display: Loaded TargetPlatform 'Android_MultiClient'
[2022.08.24-07.47.10:243][  0]LogTargetPlatformManager: Display: Loaded TargetPlatform 'IOSClient'
[2022.08.24-07.47.10:243][  0]LogTargetPlatformManager: Display: Loaded TargetPlatform 'IOS'
[2022.08.24-07.47.10:262][  0]LogTargetPlatformManager: Display: Loaded TargetPlatform 'Linux'
[2022.08.24-07.47.10:276][  0]LogTargetPlatformManager: Display: Loaded TargetPlatform 'LinuxNoEditor'
[2022.08.24-07.47.10:290][  0]LogTargetPlatformManager: Display: Loaded TargetPlatform 'LinuxClient'
[2022.08.24-07.47.10:304][  0]LogTargetPlatformManager: Display: Loaded TargetPlatform 'LinuxServer'
[2022.08.24-07.47.10:319][  0]LogTargetPlatformManager: Display: Loaded TargetPlatform 'LinuxAArch64NoEditor'
[2022.08.24-07.47.10:333][  0]LogTargetPlatformManager: Display: Loaded TargetPlatform 'LinuxAArch64Client'
[2022.08.24-07.47.10:347][  0]LogTargetPlatformManager: Display: Loaded TargetPlatform 'LinuxAArch64Server'
[2022.08.24-07.47.10:382][  0]LogTargetPlatformManager: Display: Loaded TargetPlatform 'Lumin'
[2022.08.24-07.47.10:382][  0]LogTargetPlatformManager: Display: Loaded TargetPlatform 'LuminClient'
[2022.08.24-07.47.10:403][  0]LogTargetPlatformManager: Display: Loaded TargetPlatform 'TVOSClient'
[2022.08.24-07.47.10:403][  0]LogTargetPlatformManager: Display: Loaded TargetPlatform 'TVOS'
[2022.08.24-07.47.10:418][  0]LogTargetPlatformManager: Display: Loaded TargetPlatform 'WindowsNoEditor'
[2022.08.24-07.47.10:433][  0]LogTargetPlatformManager: Display: Loaded TargetPlatform 'Windows'
[2022.08.24-07.47.10:447][  0]LogTargetPlatformManager: Display: Loaded TargetPlatform 'WindowsClient'
[2022.08.24-07.47.10:461][  0]LogTargetPlatformManager: Display: Loaded TargetPlatform 'WindowsServer'
[2022.08.24-07.47.10:461][  0]LogTargetPlatformManager: Display: Building Assets For Windows
[2022.08.24-07.47.10:490][  0]LogAudioDebug: Display: Lib vorbis DLL was dynamically loaded.
[2022.08.24-07.47.10:668][  0]LogShaderCompilers: Guid format shader working directory is -14 characters bigger than the processId version (../../../../../Users/bb/Documents/GitHub/Avenger/Avenger/Intermediate/Shaders/WorkingDirectory/17580/).
[2022.08.24-07.47.10:668][  0]LogShaderCompilers: Cleaned the shader compiler working directory 'C:/Users/bb/AppData/Local/Temp/UnrealShaderWorkingDir/C8D1E43B4ECFCD1FD89C46BC421A9C14/'.
[2022.08.24-07.47.10:671][  0]LogXGEController: Cannot use XGE Controller as Incredibuild is not installed on this machine.
[2022.08.24-07.47.10:672][  0]LogShaderCompilers: Cannot use XGE Shader Compiler as Incredibuild is not installed on this machine.
[2022.08.24-07.47.10:672][  0]LogShaderCompilers: Display: Using Local Shader Compiler.
[2022.08.24-07.47.13:020][  0]LogDerivedDataCache: Display: Max Cache Size: 512 MB
[2022.08.24-07.47.13:242][  0]LogDerivedDataCache: Loaded boot cache 0.22s 82MB C:/Users/bb/AppData/Local/UnrealEngine/4.25/DerivedDataCache/Boot.ddc.
[2022.08.24-07.47.13:242][  0]LogDerivedDataCache: Display: Loaded Boot cache: C:/Users/bb/AppData/Local/UnrealEngine/4.25/DerivedDataCache/Boot.ddc
[2022.08.24-07.47.13:242][  0]LogDerivedDataCache: FDerivedDataBackendGraph:  Pak pak cache file ../../../../../Users/bb/Documents/GitHub/Avenger/Avenger/DerivedDataCache/DDC.ddp not found, will not use a pak cache.
[2022.08.24-07.47.13:242][  0]LogDerivedDataCache: Unable to find inner node Pak for hierarchical cache Hierarchy.
[2022.08.24-07.47.13:242][  0]LogDerivedDataCache: FDerivedDataBackendGraph:  CompressedPak pak cache file ../../../../../Users/bb/Documents/GitHub/Avenger/Avenger/DerivedDataCache/Compressed.ddp not found, will not use a pak cache.
[2022.08.24-07.47.13:243][  0]LogDerivedDataCache: Unable to find inner node CompressedPak for hierarchical cache Hierarchy.
[2022.08.24-07.47.13:260][  0]LogDerivedDataCache: Display: Pak cache opened for reading ../../../Engine/DerivedDataCache/Compressed.ddp.
[2022.08.24-07.47.13:260][  0]LogDerivedDataCache: FDerivedDataBackendGraph:  EnterprisePak pak cache file ../../../Enterprise/DerivedDataCache/Compressed.ddp not found, will not use a pak cache.
[2022.08.24-07.47.13:260][  0]LogDerivedDataCache: Unable to find inner node EnterprisePak for hierarchical cache Hierarchy.
[2022.08.24-07.47.13:262][  0]LogDerivedDataCache: Using Local data cache path C:/Users/bb/AppData/Local/UnrealEngine/Common/DerivedDataCache: Writable
[2022.08.24-07.47.13:262][  0]LogDerivedDataCache: Shared data cache path not found in *engine.ini, will not use an Shared cache.
[2022.08.24-07.47.13:262][  0]LogDerivedDataCache: Unable to find inner node Shared for hierarchical cache Hierarchy.
[2022.08.24-07.47.13:323][  0]LogSlate: Using FreeType 2.10.0
[2022.08.24-07.47.13:335][  0]LogSlate: SlateFontServices - WITH_FREETYPE: 1, WITH_HARFBUZZ: 1
[2022.08.24-07.47.13:477][  0]LogAssetRegistry: FAssetRegistry took 0.0063 seconds to start up
[2022.08.24-07.47.13:981][  0]LogInit: Selected Device Profile: [Windows]
[2022.08.24-07.47.14:292][  0]LogMeshReduction: Using QuadricMeshReduction for automatic static mesh reduction
[2022.08.24-07.47.14:292][  0]LogMeshReduction: Using SimplygonMeshReduction for automatic skeletal mesh reduction
[2022.08.24-07.47.14:292][  0]LogMeshReduction: Using ProxyLODMeshReduction for automatic mesh merging
[2022.08.24-07.47.14:292][  0]LogMeshReduction: No distributed automatic mesh merging module available
[2022.08.24-07.47.14:292][  0]LogMeshMerging: No distributed automatic mesh merging module available
[2022.08.24-07.47.14:363][  0]LogNetVersion: Avenger 1.0.0, NetCL: 13144385, EngineNetVer: 14, GameNetVer: 0 (Checksum: 268931778)
[2022.08.24-07.47.16:164][  0]LogAISub: UAISubsystem::UAISubsystem AISubsystem (000001248CA7A980), frame # 0
[2022.08.24-07.47.16:164][  0]LogAISub: UAISubsystem::UAISubsystem AIPerceptionSystem (000001248C93AAC0), frame # 0
[2022.08.24-07.47.16:173][  0]LogAISub: UAISubsystem::UAISubsystem EnvQueryManager (000001248C97DC00), frame # 0
[2022.08.24-07.47.16:279][  0]LogPackageLocalizationCache: Processed 19 localized package path(s) for 1 prioritized culture(s) in 0.068692 seconds
[2022.08.24-07.47.16:284][  0]LogUObjectArray: 15917 objects as part of root set at end of initial load.
[2022.08.24-07.47.16:284][  0]LogUObjectAllocator: 3965568 out of 0 bytes used by permanent object pool.
[2022.08.24-07.47.16:284][  0]LogUObjectArray: CloseDisregardForGC: 0/0 objects in disregard for GC pool
[2022.08.24-07.47.17:473][  0]LogTcpMessaging: Initializing TcpMessaging bridge
[2022.08.24-07.47.17:485][  0]LogUdpMessaging: Initializing bridge on interface 0.0.0.0:0 to multicast group 230.0.0.1:6666.
[2022.08.24-07.47.17:701][  0]SourceControl: 소스 컨트롤이 꺼졌습니다.
[2022.08.24-07.47.17:702][  0]SourceControl: 소스 컨트롤이 꺼졌습니다.
[2022.08.24-07.47.17:720][  0]SourceControl: 소스 컨트롤이 꺼졌습니다.
[2022.08.24-07.47.17:731][  0]SourceControl: 소스 컨트롤이 꺼졌습니다.
[2022.08.24-07.47.17:758][  0]SourceControl: 소스 컨트롤이 꺼졌습니다.
[2022.08.24-07.47.18:480][  0]LogAndroidPermission: UAndroidPermissionCallbackProxy::GetInstance
[2022.08.24-07.47.18:526][  0]LogAudioCaptureCore: Display: No Audio Capture implementations found. Audio input will be silent.
[2022.08.24-07.47.18:526][  0]LogAudioCaptureCore: Display: No Audio Capture implementations found. Audio input will be silent.
[2022.08.24-07.47.18:637][  0]LogOcInput: OculusInput pre-init called
[2022.08.24-07.47.18:662][  0]LogWindows: Failed to load 'OVRPlugin.dll' (GetLastError=126)
[2022.08.24-07.47.18:662][  0]LogWindows: File 'OVRPlugin.dll' does not exist
[2022.08.24-07.47.18:845][  0]LogEngine: Initializing Engine...
[2022.08.24-07.47.18:851][  0]LogHMD: Failed to initialize OpenVR with code 110
[2022.08.24-07.47.18:851][  0]LogMagicLeap: Warning: VR disabled because ZI is not enabled.  To enable, in the editor, Edit -> Project Settings -> Plugins -> Magic Leap Plugin -> Enable Zero Iteration
[2022.08.24-07.47.18:853][  0]LogStats: UGameplayTagsManager::InitializeManager -  0.001 s
[2022.08.24-07.47.19:101][  0]LogInit: Initializing FReadOnlyCVARCache
[2022.08.24-07.47.19:162][  0]LogAIModule: Creating AISystem for world Untitled
[2022.08.24-07.47.19:162][  0]LogAISub: UAISubsystem::UAISubsystem EnvQueryManager (00000124947BC600), frame # 0
[2022.08.24-07.47.19:162][  0]LogAISub: UAISubsystem::UAISubsystem AIPerceptionSystem (00000124947D56C0), frame # 0
[2022.08.24-07.47.19:189][  0]LogAudioMixer: Display: Audio Mixer Platform Settings:
[2022.08.24-07.47.19:189][  0]LogAudioMixer: Display: 	Sample Rate:						  48000
[2022.08.24-07.47.19:189][  0]LogAudioMixer: Display: 	Callback Buffer Frame Size Requested: 1024
[2022.08.24-07.47.19:189][  0]LogAudioMixer: Display: 	Callback Buffer Frame Size To Use:	  1024
[2022.08.24-07.47.19:189][  0]LogAudioMixer: Display: 	Number of buffers to queue:			  2
[2022.08.24-07.47.19:189][  0]LogAudioMixer: Display: 	Max Channels (voices):				  32
[2022.08.24-07.47.19:189][  0]LogAudioMixer: Display: 	Number of Async Source Workers:		  0
[2022.08.24-07.47.19:189][  0]LogAudio: Display: AudioDevice MaxSources: 32
[2022.08.24-07.47.19:192][  0]LogAudio: Display: Using built-in audio occlusion.
[2022.08.24-07.47.19:192][  0]LogAudioMixer: Display: Initializing audio mixer.
[2022.08.24-07.47.19:243][  0]LogAudioMixer: Display: 0: FrontLeft
[2022.08.24-07.47.19:243][  0]LogAudioMixer: Display: 1: FrontRight
[2022.08.24-07.47.19:368][  0]LogAudioMixer: Display: Using Audio Device 스피커(USB PnP Audio Device(EEPROM))
[2022.08.24-07.47.19:373][  0]LogAudioMixer: Display: Initializing Sound Submixes...
[2022.08.24-07.47.19:383][  0]LogAudioMixer: Display: Creating Master Submix 'MasterSubmixDefault'
[2022.08.24-07.47.19:384][  0]LogAudioMixer: Display: Creating Master Submix 'MasterReverbSubmixDefault'
[2022.08.24-07.47.19:387][  0]LogAudioMixer: Display: Creating Master Submix 'MasterEQSubmixDefault'
[2022.08.24-07.47.19:389][  0]LogInit: FAudioDevice initialized.
[2022.08.24-07.47.19:391][  0]LogNetVersion: Set ProjectVersion to 1.0.0.0. Version Checksum will be recalculated on next use.
[2022.08.24-07.47.19:465][  0]LogDerivedDataCache: Saved boot cache 0.07s 82MB C:/Users/bb/AppData/Local/UnrealEngine/4.25/DerivedDataCache/Boot.ddc.
[2022.08.24-07.47.19:466][  0]LogInit: Texture streaming: Enabled
[2022.08.24-07.47.19:510][  0]LogEngineSessionManager: EngineSessionManager initialized
[2022.08.24-07.47.19:510][  0]LogEditorSessionSummary: Verbose: Initializing EditorSessionSummaryWriter for editor session tracking
[2022.08.24-07.47.19:519][  0]LogEditorSessionSummary: EditorSessionSummaryWriter initialized
[2022.08.24-07.47.19:583][  0]LogInit: Transaction tracking system initialized
[2022.08.24-07.47.19:655][  0]BlueprintLog: New page: 에디터 로드
[2022.08.24-07.47.19:922][  0]LocalizationService: 현지화 서비스가 비활성화되었습니다.
[2022.08.24-07.47.20:377][  0]LogCook: Display: Max memory allowance for cook 16384mb min free memory 0mb
[2022.08.24-07.47.20:378][  0]LogCook: Display: Mobile HDR setting 1
[2022.08.24-07.47.20:785][  0]LogFileCache: Scanning file cache for directory 'D:/Users/bb/Documents/GitHub/Avenger/Avenger/Content/' took 0.01s
[2022.08.24-07.47.21:225][  0]SourceControl: 소스 컨트롤이 꺼졌습니다.
[2022.08.24-07.47.21:226][  0]LogUnrealEdMisc: Loading editor; pre map load, took 26.424
[2022.08.24-07.47.21:229][  0]Cmd: MAP LOAD FILE="../../../../../Users/bb/Documents/GitHub/Avenger/Avenger/Content/ThirdPersonBP/Maps/ThirdPersonExampleMap.umap" TEMPLATE=0 SHOWPROGRESS=1 FEATURELEVEL=3
[2022.08.24-07.47.21:232][  0]LightingResults: New page: 라이팅 빌드
[2022.08.24-07.47.21:241][  0]LogWorld: UWorld::CleanupWorld for Untitled, bSessionEnded=true, bCleanupResources=true
[2022.08.24-07.47.21:242][  0]LogSlate: InvalidateAllWidgets triggered.  All widgets were invalidated
[2022.08.24-07.47.21:244][  0]MapCheck: New page: 맵 체크
[2022.08.24-07.47.21:244][  0]LightingResults: New page: 라이팅 빌드
[2022.08.24-07.47.21:274][  0]LogAISub: UAISubsystem::~UAISubsystem EnvQueryManager (00000124947BC600), frame # 0
[2022.08.24-07.47.21:274][  0]LogAISub: UAISubsystem::~UAISubsystem AIPerceptionSystem (00000124947D56C0), frame # 0
[2022.08.24-07.47.21:275][  0]LogUObjectHash: Compacting FUObjectHashTables data took   0.63ms
[2022.08.24-07.47.21:522][  0]LogAIModule: Creating AISystem for world ThirdPersonExampleMap
[2022.08.24-07.47.21:522][  0]LogAISub: UAISubsystem::UAISubsystem EnvQueryManager (0000012480FE7E00), frame # 0
[2022.08.24-07.47.21:522][  0]LogAISub: UAISubsystem::UAISubsystem AIPerceptionSystem (00000124947987C0), frame # 0
[2022.08.24-07.47.21:562][  0]LogEditorServer: Finished looking for orphan Actors (0.000 secs)
[2022.08.24-07.47.21:585][  0]LogUObjectHash: Compacting FUObjectHashTables data took   0.67ms
[2022.08.24-07.47.21:587][  0]Cmd: MAP CHECKDEP NOCLEARLOG
[2022.08.24-07.47.21:587][  0]MapCheck: 맵 체크 완료: 오류 0 회, 경고 0 회, 소요 시간 0.121ms.
[2022.08.24-07.47.21:587][  0]LogFileHelpers: Loading map 'ThirdPersonExampleMap' took 0.360
[2022.08.24-07.47.21:615][  0]LogUnrealEdMisc: Total Editor Startup Time, took 26.814
[2022.08.24-07.47.21:838][  0]LogSlate: Updating window title bar state: overlay mode, drag disabled, window buttons hidden, title bar hidden
[2022.08.24-07.47.21:846][  0]LogSlate: Updating window title bar state: overlay mode, drag disabled, window buttons hidden, title bar hidden
[2022.08.24-07.47.21:853][  0]LogSlate: Updating window title bar state: overlay mode, drag disabled, window buttons hidden, title bar hidden
[2022.08.24-07.47.21:860][  0]LogSlate: Updating window title bar state: overlay mode, drag disabled, window buttons hidden, title bar hidden
[2022.08.24-07.47.21:886][  0]LogCollectionManager: Loaded 0 collections in 0.001693 seconds
[2022.08.24-07.47.21:942][  0]LogFileCache: Scanning file cache for directory 'D:/Users/bb/Documents/GitHub/Avenger/Avenger/Saved/Collections/' took 0.00s
[2022.08.24-07.47.21:942][  0]LogFileCache: Scanning file cache for directory 'D:/Users/bb/Documents/GitHub/Avenger/Avenger/Content/Developers/bb/Collections/' took 0.00s
[2022.08.24-07.47.21:942][  0]LogFileCache: Scanning file cache for directory 'D:/Users/bb/Documents/GitHub/Avenger/Avenger/Content/Collections/' took 0.00s
[2022.08.24-07.47.21:942][  0]LogContentBrowser: Native class hierarchy populated in 0.0109 seconds. Added 3427 classes and 821 folders.
[2022.08.24-07.47.21:960][  0]LogContentBrowser: Native class hierarchy updated for 'WidgetCarousel' in 0.0003 seconds. Added 0 classes and 0 folders.
[2022.08.24-07.47.22:316][  0]LogContentBrowser: Native class hierarchy updated for 'AddContentDialog' in 0.0003 seconds. Added 0 classes and 0 folders.
[2022.08.24-07.47.22:325][  0]LogContentBrowser: Native class hierarchy updated for 'SceneOutliner' in 0.0010 seconds. Added 2 classes and 0 folders.
[2022.08.24-07.47.22:446][  0]LogSlate: Took 0.004432 seconds to synchronously load lazily loaded font '../../../Engine/Content/Slate/Fonts/Roboto-Regular.ttf' (155K)
[2022.08.24-07.47.22:461][  0]LogSlate: Took 0.013147 seconds to synchronously load lazily loaded font '../../../Engine/Content/Editor/Slate/Fonts/NanumGothic.ttf' (4243K)
[2022.08.24-07.47.22:474][  0]LogSlate: Took 0.012670 seconds to synchronously load lazily loaded font '../../../Engine/Content/Editor/Slate/Fonts/NanumGothicBold.ttf' (4188K)
[2022.08.24-07.47.22:477][  0]LogSlate: Took 0.002849 seconds to synchronously load lazily loaded font '../../../Engine/Content/Slate/Fonts/Roboto-Bold.ttf' (160K)
[2022.08.24-07.47.22:486][  0]LogSlate: Took 0.002564 seconds to synchronously load lazily loaded font '../../../Engine/Content/Editor/Slate/Fonts/FontAwesome.ttf' (139K)
[2022.08.24-07.47.22:602][  0]LogRenderer: Reallocating scene render targets to support 1208x572 Format 10 NumSamples 1 (Frame:1).
[2022.08.24-07.47.22:787][  0]LogContentBrowser: Native class hierarchy updated for 'HierarchicalLODOutliner' in 0.0003 seconds. Added 0 classes and 0 folders.
[2022.08.24-07.47.22:787][  0]LogLoad: (Engine Initialization) Total time: 27.98 seconds
[2022.08.24-07.47.22:787][  0]LogLoad: (Engine Initialization) Total Blueprint compile time: 0.00 seconds
[2022.08.24-07.47.22:845][  0]LogAssetRegistry: Asset discovery search completed in 9.3700 seconds
[2022.08.24-07.47.22:849][  0]LogCollectionManager: Fixed up redirectors for 0 collections in 0.000005 seconds (updated 0 objects)
[2022.08.24-07.47.22:856][  0]LogContentStreaming: Texture pool size now 1000 MB
[2022.08.24-07.47.22:913][  0]LogSlate: Took 0.003438 seconds to synchronously load lazily loaded font '../../../Engine/Content/Slate/Fonts/Roboto-Light.ttf' (167K)
[2022.08.24-07.47.24:152][  4]LogSlate: Took 0.000261 seconds to synchronously load lazily loaded font '../../../Engine/Content/Slate/Fonts/Roboto-Light.ttf' (167K)
[2022.08.24-07.47.37:331][ 54]LogSlate: Took 0.002776 seconds to synchronously load lazily loaded font '../../../Engine/Content/Slate/Fonts/Roboto-Italic.ttf' (157K)
[2022.08.24-07.47.37:379][ 54]LogContentBrowser: Verbose: The majority of assets in the view are of type: Skeleton
[2022.08.24-07.47.40:194][330]LogSlate: Window '스켈레톤 선택' being destroyed
[2022.08.24-07.47.40:202][330]LogWorld: UWorld::CleanupWorld for World_3, bSessionEnded=true, bCleanupResources=true
[2022.08.24-07.47.40:202][330]LogSlate: InvalidateAllWidgets triggered.  All widgets were invalidated
[2022.08.24-07.47.40:214][330]LogWorld: UWorld::CleanupWorld for World_2, bSessionEnded=true, bCleanupResources=true
[2022.08.24-07.47.40:215][330]LogSlate: InvalidateAllWidgets triggered.  All widgets were invalidated
[2022.08.24-07.47.50:646][437]LogContentBrowser: Verbose: The majority of assets in the view are of type: Skeleton
[2022.08.24-07.47.55:984][ 20]LogSlate: Window '스켈레톤 선택' being destroyed
[2022.08.24-07.47.55:989][ 20]LogWorld: UWorld::CleanupWorld for World_7, bSessionEnded=true, bCleanupResources=true
[2022.08.24-07.47.55:989][ 20]LogSlate: InvalidateAllWidgets triggered.  All widgets were invalidated
[2022.08.24-07.47.55:998][ 20]LogWorld: UWorld::CleanupWorld for World_6, bSessionEnded=true, bCleanupResources=true
[2022.08.24-07.47.55:998][ 20]LogSlate: InvalidateAllWidgets triggered.  All widgets were invalidated
[2022.08.24-07.47.56:025][ 22]LogD3D11RHI: Error: Direct3DDevice->CreateTexture2D(TextureDesc,SubResourceData,OutTexture2D) failed 
 at D:/Build/++UE4/Sync/Engine/Source/Runtime/Windows/D3D11RHI/Private/D3D11Texture.cpp:480 
 with error E_OUTOFMEMORY, 
 Size=1208x572x1 PF=11 D3DFormat=DXGI_FORMAT_R32G8X24_TYPELESS(0x00000013), NumMips=1, Flags=D3D11_BIND_DEPTH_STENCIL D3D11_BIND_SHADER_RESOURCE , Usage:0x0, CPUFlags:0x0, MiscFlags:0x0, SampleCount:0x4, SampleQuality:0x0, SubresPtr:0x0000000000000000, SubresPitch:0, SubresSlicePitch:0
[2022.08.24-07.47.57:356][ 22]LogConsoleResponse:     56 = 8192 KB (3D 256x128x32 PF_FloatRGBA RT) AtmosphereDeltaJ
[2022.08.24-07.47.57:356][ 22]LogConsoleResponse:     55 = 8192 KB (3D 256x128x32 PF_FloatRGBA RT) AtmosphereDeltaSM
[2022.08.24-07.47.57:356][ 22]LogConsoleResponse:     54 = 8192 KB (3D 256x128x32 PF_FloatRGBA RT) AtmosphereDeltaSR
[2022.08.24-07.47.57:356][ 22]LogConsoleResponse:     53 = 8192 KB (3D 256x128x32 PF_FloatRGBA RT) AtmosphereInscatter
[2022.08.24-07.47.57:356][ 22]LogConsoleResponse:    108 = 5399 KB (2D 1208x572 PF_FloatRGBA RT UAV VRam) SceneColor VRamInKB(Start/Size):<NONE>
[2022.08.24-07.47.57:356][ 22]LogConsoleResponse:     33 = 5399 KB (2D 1208x572 PF_FloatRGBA RT UAV) LightAccumulation
[2022.08.24-07.47.57:356][ 22]LogConsoleResponse:    112 = 5399 KB (2D 1208x572 PF_FloatRGBA RT UAV) ScreenSpaceReflections
[2022.08.24-07.47.57:356][ 22]LogConsoleResponse:    116 = 5399 KB (2D 1208x572 PF_FloatRGBA RT VRam) SceneColor VRamInKB(Start/Size):<NONE>
[2022.08.24-07.47.57:356][ 22]LogConsoleResponse:    113 = 5399 KB (2D 1208x572 PF_FloatRGBA RT) SeparateTranslucency
[2022.08.24-07.47.57:356][ 22]LogConsoleResponse:    117 = 5399 KB (2D 1208x572 PF_FloatRGBA UAV) TemporalAA
[2022.08.24-07.47.57:356][ 22]LogConsoleResponse:     64 = 5399 KB (2D 1208x572 PF_FloatRGBA UAV) TemporalAA
[2022.08.24-07.47.57:356][ 22]LogConsoleResponse:    115 = 3374 KB (2D 1208x572 PF_DepthStencil 4xMSAA) EditorPrimitivesDepth
[2022.08.24-07.47.57:356][ 22]LogConsoleResponse:     24 = 3374 KB (2D 1208x572 PF_DepthStencil VRam) SceneDepthZ VRamInKB(Start/Size):<NONE>
[2022.08.24-07.47.57:356][ 22]LogConsoleResponse:    102 = 2700 KB (2D 1208x572 PF_A2B10G10R10 RT) GBufferA
[2022.08.24-07.47.57:356][ 22]LogConsoleResponse:    114 = 2700 KB (2D 1208x572 PF_B8G8R8A8 RT 4xMSAA) EditorPrimitivesColor
[2022.08.24-07.47.57:356][ 22]LogConsoleResponse:    104 = 2700 KB (2D 1208x572 PF_B8G8R8A8 RT sRGB) GBufferC
[2022.08.24-07.47.57:356][ 22]LogConsoleResponse:    103 = 2700 KB (2D 1208x572 PF_B8G8R8A8 RT VRam) GBufferB VRamInKB(Start/Size):<NONE>
[2022.08.24-07.47.57:356][ 22]LogConsoleResponse:    130 = 2700 KB (2D 1208x572 PF_B8G8R8A8 RT VRam) Tonemap VRamInKB(Start/Size):<NONE>
[2022.08.24-07.47.57:356][ 22]LogConsoleResponse:    105 = 2700 KB (2D 1208x572 PF_B8G8R8A8 RT) GBufferD
[2022.08.24-07.47.57:356][ 22]LogConsoleResponse:    106 = 2700 KB (2D 1208x572 PF_B8G8R8A8 RT) GBufferE
[2022.08.24-07.47.57:356][ 22]LogConsoleResponse:    109 = 2700 KB (2D 1208x572 PF_G16R16 RT UAV) Velocity
[2022.08.24-07.47.57:356][ 22]LogConsoleResponse:     27 = 2048 KB (3D 64x64x64 PF_FloatRGBA RT UAV) TranslucentVolume0
[2022.08.24-07.47.57:356][ 22]LogConsoleResponse:     29 = 2048 KB (3D 64x64x64 PF_FloatRGBA RT UAV) TranslucentVolume1
[2022.08.24-07.47.57:356][ 22]LogConsoleResponse:     31 = 2048 KB (3D 64x64x64 PF_FloatRGBA RT UAV) TranslucentVolume2
[2022.08.24-07.47.57:356][ 22]LogConsoleResponse:     28 = 2048 KB (3D 64x64x64 PF_FloatRGBA RT UAV) TranslucentVolumeDir0
[2022.08.24-07.47.57:356][ 22]LogConsoleResponse:     30 = 2048 KB (3D 64x64x64 PF_FloatRGBA RT UAV) TranslucentVolumeDir1
[2022.08.24-07.47.57:356][ 22]LogConsoleResponse:     32 = 2048 KB (3D 64x64x64 PF_FloatRGBA RT UAV) TranslucentVolumeDir2
[2022.08.24-07.47.57:356][ 22]LogConsoleResponse:     35 = 2048 KB (3D 64x64x64 PF_FloatRGBA) IndirectLightingCache_0
[2022.08.24-07.47.57:356][ 22]LogConsoleResponse:     36 = 2048 KB (3D 64x64x64 PF_FloatRGBA) IndirectLightingCache_1
[2022.08.24-07.47.57:356][ 22]LogConsoleResponse:     37 = 2048 KB (3D 64x64x64 PF_FloatRGBA) IndirectLightingCache_2
[2022.08.24-07.47.57:356][ 22]LogConsoleResponse:     25 = 1687 KB (2D 604x286 PF_DepthStencil) SmallDepthZ
[2022.08.24-07.47.57:356][ 22]LogConsoleResponse:    107 = 1366 KB (2D 1024x512 PF_R16F UAV VRam) HZBFurthest VRamInKB(Start/Size):<NONE>
[2022.08.24-07.47.57:356][ 22]LogConsoleResponse:     34 = 1350 KB (2D 1208x286 PF_R32_UINT RT UAV) QuadOverdrawBuffer
[2022.08.24-07.47.57:356][ 22]LogConsoleResponse:    110 = 1350 KB (2D 604x286 PF_FloatRGBA RT VRam) AmbientOcclusionSetup VRamInKB(Start/Size):<NONE>
[2022.08.24-07.47.57:356][ 22]LogConsoleResponse:     80 = 1024 KB (Cube 128 PF_FloatRGBA RT) ReflectionColorScratchCubemap0
[2022.08.24-07.47.57:356][ 22]LogConsoleResponse:     81 = 1024 KB (Cube 128 PF_FloatRGBA RT) ReflectionColorScratchCubemap1
[2022.08.24-07.47.57:356][ 22]LogConsoleResponse:     88 = 1024 KB (Cube[1] 128 PF_FloatRGBA) ReflectionEnvs
[2022.08.24-07.47.57:356][ 22]LogConsoleResponse:     26 = 675 KB (2D 1208x572 PF_G8 RT UAV) ScreenSpaceAO
[2022.08.24-07.47.57:357][ 22]LogConsoleResponse:    111 = 675 KB (2D 604x286 PF_B8G8R8A8 RT VRam) AmbientOcclusion VRamInKB(Start/Size):<NONE>
[2022.08.24-07.47.57:357][ 22]LogConsoleResponse:    129 = 675 KB (2D 604x286 PF_FloatRGB RT VRam) BloomX VRamInKB(Start/Size):<NONE>
[2022.08.24-07.47.57:357][ 22]LogConsoleResponse:    118 = 675 KB (2D 604x286 PF_FloatRGB RT VRam) BloomY VRamInKB(Start/Size):<NONE>
[2022.08.24-07.47.57:357][ 22]LogConsoleResponse:     91 = 256 KB (2D 256x256 PF_B8G8R8A8) HZBResultsCPU
[2022.08.24-07.47.57:357][ 22]LogConsoleResponse:      1 = 256 KB (2D 256x256 PF_B8G8R8A8) HZBResultsCPU
[2022.08.24-07.47.57:357][ 22]LogConsoleResponse:      3 = 256 KB (2D 256x256 PF_B8G8R8A8) HZBResultsCPU
[2022.08.24-07.47.57:357][ 22]LogConsoleResponse:      2 = 256 KB (2D 256x256 PF_B8G8R8A8) HZBResultsCPU
[2022.08.24-07.47.57:357][ 22]LogConsoleResponse:      4 = 256 KB (2D 256x256 PF_B8G8R8A8) HZBResultsCPU
[2022.08.24-07.47.57:357][ 22]LogConsoleResponse:    128 = 169 KB (2D 302x143 PF_FloatRGB RT VRam) BloomX VRamInKB(Start/Size):<NONE>
[2022.08.24-07.47.57:357][ 22]LogConsoleResponse:    119 = 169 KB (2D 302x143 PF_FloatRGB RT VRam) BloomY VRamInKB(Start/Size):<NONE>
[2022.08.24-07.47.57:357][ 22]LogConsoleResponse:     50 = 128 KB (2D 256x64 PF_FloatRGBA RT) AtmosphereTransmittance
[2022.08.24-07.47.57:357][ 22]LogConsoleResponse:     98 = 128 KB (3D 32x32x32 PF_A2B10G10R10 RT VRam) CombineLUTs VRamInKB(Start/Size):<NONE>
[2022.08.24-07.47.57:357][ 22]LogConsoleResponse:     59 = 128 KB (3D 32x32x32 PF_A2B10G10R10 RT VRam) CombineLUTs VRamInKB(Start/Size):<NONE>
[2022.08.24-07.47.57:357][ 22]LogConsoleResponse:     11 = 64 KB (2D 128x128 PF_B8G8R8A8) PerlinNoiseGradient
[2022.08.24-07.47.57:357][ 22]LogConsoleResponse:     82 = 64 KB (Cube 32 PF_FloatRGBA RT) DiffuseIrradianceScratchCubemap0
[2022.08.24-07.47.57:357][ 22]LogConsoleResponse:     83 = 64 KB (Cube 32 PF_FloatRGBA RT) DiffuseIrradianceScratchCubemap1
[2022.08.24-07.47.57:357][ 22]LogConsoleResponse:     45 = 49 KB (2D 98x64 PF_A16B16G16R16) SSProfiles
[2022.08.24-07.47.57:357][ 22]LogConsoleResponse:    127 = 43 KB (2D 151x72 PF_FloatRGB RT VRam) BloomX VRamInKB(Start/Size):<NONE>
[2022.08.24-07.47.57:357][ 22]LogConsoleResponse:    120 = 43 KB (2D 151x72 PF_FloatRGB RT VRam) BloomY VRamInKB(Start/Size):<NONE>
[2022.08.24-07.47.57:357][ 22]LogConsoleResponse:     22 = 32 KB (2D 64x64 PF_FloatRGBA VRam) LTCMat VRamInKB(Start/Size):<NONE>
[2022.08.24-07.47.57:357][ 22]LogConsoleResponse:     18 = 16 KB (2D 128x32 PF_G16R16) PreintegratedGF
[2022.08.24-07.47.57:357][ 22]LogConsoleResponse:     23 = 16 KB (2D 64x64 PF_G16R16F VRam) LTCAmp VRamInKB(Start/Size):<NONE>
[2022.08.24-07.47.57:357][ 22]LogConsoleResponse:     19 = 16 KB (3D 16x16x16 PF_B8G8R8A8) PerlinNoise3D
[2022.08.24-07.47.57:357][ 22]LogConsoleResponse:    126 = 11 KB (2D 76x36 PF_FloatRGB RT VRam) BloomX VRamInKB(Start/Size):<NONE>
[2022.08.24-07.47.57:357][ 22]LogConsoleResponse:    121 = 11 KB (2D 76x36 PF_FloatRGB RT VRam) BloomY VRamInKB(Start/Size):<NONE>
[2022.08.24-07.47.57:358][ 22]LogConsoleResponse:     52 = 8 KB (2D 64x16 PF_FloatRGBA RT) AtmosphereDeltaE
[2022.08.24-07.47.57:358][ 22]LogConsoleResponse:     51 = 8 KB (2D 64x16 PF_FloatRGBA RT) AtmosphereIrradiance
[2022.08.24-07.47.57:358][ 22]LogConsoleResponse:     20 = 8 KB (2D 64x64 PF_R8G8) SSAORandomization
[2022.08.24-07.47.57:358][ 22]LogConsoleResponse:    125 = 3 KB (2D 38x18 PF_FloatRGB RT VRam) BloomX VRamInKB(Start/Size):<NONE>
[2022.08.24-07.47.57:358][ 22]LogConsoleResponse:    122 = 3 KB (2D 38x18 PF_FloatRGB RT VRam) BloomY VRamInKB(Start/Size):<NONE>
[2022.08.24-07.47.57:358][ 22]LogConsoleResponse:    124 = 1 KB (2D 19x9 PF_FloatRGB RT VRam) BloomX VRamInKB(Start/Size):<NONE>
[2022.08.24-07.47.57:358][ 22]LogConsoleResponse:    123 = 1 KB (2D 19x9 PF_FloatRGB RT VRam) BloomY VRamInKB(Start/Size):<NONE>
[2022.08.24-07.47.57:358][ 22]LogConsoleResponse:     99 = 1 KB (2D 1x1 PF_A32B32G32R32F RT UAV) EyeAdaptation
[2022.08.24-07.47.57:358][ 22]LogConsoleResponse:     89 = 1 KB (2D 1x1 PF_A32B32G32R32F RT UAV) EyeAdaptation
[2022.08.24-07.47.57:358][ 22]LogConsoleResponse:     90 = 1 KB (2D 1x1 PF_A32B32G32R32F RT UAV) EyeAdaptation
[2022.08.24-07.47.57:358][ 22]LogConsoleResponse:     58 = 1 KB (2D 1x1 PF_A32B32G32R32F RT UAV) EyeAdaptation
[2022.08.24-07.47.57:358][ 22]LogConsoleResponse:      8 = 1 KB (2D 1x1 PF_B8G8R8A8 RT) BlackAlphaOneDummy
[2022.08.24-07.47.57:358][ 22]LogConsoleResponse:      6 = 1 KB (2D 1x1 PF_B8G8R8A8 RT) BlackDummy
[2022.08.24-07.47.57:358][ 22]LogConsoleResponse:     10 = 1 KB (2D 1x1 PF_B8G8R8A8 RT) DefaultNormal8Bit
[2022.08.24-07.47.57:358][ 22]LogConsoleResponse:      9 = 1 KB (2D 1x1 PF_B8G8R8A8 RT) GreenDummy
[2022.08.24-07.47.57:358][ 22]LogConsoleResponse:      5 = 1 KB (2D 1x1 PF_B8G8R8A8 RT) WhiteDummy
[2022.08.24-07.47.57:358][ 22]LogConsoleResponse:     13 = 1 KB (2D 1x1 PF_DepthStencil) DepthDummy
[2022.08.24-07.47.57:359][ 22]LogConsoleResponse:     12 = 1 KB (2D 1x1 PF_FloatRGBA RT) MaxFP16Depth
[2022.08.24-07.47.57:359][ 22]LogConsoleResponse:     15 = 1 KB (2D 1x1 PF_FloatRGBA RT) MidGreyDummy
[2022.08.24-07.47.57:359][ 22]LogConsoleResponse:      7 = 1 KB (2D 1x1 PF_R32_UINT RT) ZeroUIntDummy
[2022.08.24-07.47.57:359][ 22]LogConsoleResponse:     14 = 1 KB (2D 1x1 PF_R8G8B8A8_UINT RT) StencilDummy
[2022.08.24-07.47.57:359][ 22]LogConsoleResponse:     16 = 1 KB (2D 32x16 PF_R16_UINT) SobolSampling
[2022.08.24-07.47.57:359][ 22]LogConsoleResponse:     21 = 1 KB (2D 4x4 PF_R8G8B8A8) GTAORandomization
[2022.08.24-07.47.57:359][ 22]LogConsoleResponse:     84 = 1 KB (2D 9x1 PF_FloatRGBA RT) SkySHIrradianceMap
[2022.08.24-07.47.57:359][ 22]LogConsoleResponse:     17 = 1 KB (3D 1x1x1 PF_B8G8R8A8 RT) VolumetricBlackDummy
[2022.08.24-07.47.57:359][ 22]LogConsoleResponse:    131 = 0 KB (2D 1208x572 PF_DepthStencil 4xMSAA) SelectionOutline
[2022.08.24-07.47.57:359][ 22]LogConsoleResponse: 
[2022.08.24-07.47.57:359][ 22]LogConsoleResponse: Pool: 101/129 MB (referenced/allocated)
[2022.08.24-07.47.57:359][ 22]Cmd: rhi.DumpMemory
[2022.08.24-07.47.57:366][ 22]RHI resource memory (not tracked by our allocator)
[2022.08.24-07.47.57:366][ 22]         2228160  -  Render target memory Cube - STAT_RenderTargetMemoryCube - STATGROUP_RHI - STATCAT_Advanced
[2022.08.24-07.47.57:366][ 22]        46530564  -  Render target memory 3D - STAT_RenderTargetMemory3D - STATGROUP_RHI - STATCAT_Advanced
[2022.08.24-07.47.57:366][ 22]         2185956  -  Structured buffer memory - STAT_StructuredBufferMemory - STATGROUP_RHI - STATCAT_Advanced
[2022.08.24-07.47.57:366][ 22]         1314208  -  Uniform buffer memory - STAT_UniformBufferMemory - STATGROUP_RHI - STATCAT_Advanced
[2022.08.24-07.47.57:366][ 22]        23134260  -  Texture memory Cube - STAT_TextureMemoryCube - STATGROUP_RHI - STATCAT_Advanced
[2022.08.24-07.47.57:366][ 22]        14704716  -  Texture memory 3D - STAT_TextureMemory3D - STATGROUP_RHI - STATCAT_Advanced
[2022.08.24-07.47.57:366][ 22]       754164657  -  Render target memory 2D - STAT_RenderTargetMemory2D - STATGROUP_RHI - STATCAT_Advanced
[2022.08.24-07.47.57:366][ 22]       112618214  -  Texture memory 2D - STAT_TextureMemory2D - STATGROUP_RHI - STATCAT_Advanced
[2022.08.24-07.47.57:366][ 22]         5614568  -  Index buffer memory - STAT_IndexBufferMemory - STATGROUP_RHI - STATCAT_Advanced
[2022.08.24-07.47.57:366][ 22]         9648276  -  Vertex buffer memory - STAT_VertexBufferMemory - STATGROUP_RHI - STATCAT_Advanced
[2022.08.24-07.47.57:366][ 22]927.108MB total
[2022.08.24-07.47.57:366][ 22]LogWindows: FPlatformMisc::RequestExit(1)
[2022.08.24-07.47.57:366][ 22]LogCore: Engine exit requested (reason: Win RequestExit)
[2022.08.24-07.47.57:366][ 22]Cmd: Mem FromReport
[2022.08.24-07.47.57:366][ 22]LogMemory: Platform Memory Stats for Windows
[2022.08.24-07.47.57:366][ 22]LogMemory: Process Physical Memory: 860.48 MB used, 921.82 MB peak
[2022.08.24-07.47.57:367][ 22]LogMemory: Process Virtual Memory: 1820.98 MB used, 1846.76 MB peak
[2022.08.24-07.47.57:367][ 22]LogMemory: Physical Memory: 10406.84 MB used,  5940.70 MB free, 16347.54 MB total
[2022.08.24-07.47.57:367][ 22]LogMemory: Virtual Memory: 7840.37 MB used,  134209888.00 MB free, 134217728.00 MB total
[2022.08.24-07.47.57:367][ 22]LogMemory: 
[2022.08.24-07.47.57:367][ 22]Allocator Stats for TBB: (not implemented)
[2022.08.24-07.47.57:367][ 22]LogMemory: Memory Stats:
[2022.08.24-07.47.57:367][ 22]LogMemory: FMemStack (gamethread) current size = 0.00 MB
[2022.08.24-07.47.57:367][ 22]LogMemory: FPageAllocator (all threads) allocation size [used/ unused] = [0.38 / 1.06] MB
[2022.08.24-07.47.57:367][ 22]LogMemory: Nametable memory usage = 5.95 MB
[2022.08.24-07.47.57:368][ 22]LogMemory: AssetRegistry memory usage = 10.47 MB
[2022.08.24-07.47.57:371][ 22]LogMemory:            16352  -  Light interaction memory - STAT_LightInteractionMemory - STATGROUP_SceneMemory - STATCAT_Advanced
[2022.08.24-07.47.57:371][ 22]LogMemory:           470816  -  Rendering mem stack memory - STAT_RenderingMemStackMemory - STATGROUP_SceneMemory - STATCAT_Advanced
[2022.08.24-07.47.57:371][ 22]LogMemory:            11248  -  ViewState memory - STAT_ViewStateMemory - STATGROUP_SceneMemory - STATCAT_Advanced
[2022.08.24-07.47.57:371][ 22]LogMemory:            29864  -  Scene memory - STAT_RenderingSceneMemory - STATGROUP_SceneMemory - STATCAT_Advanced
[2022.08.24-07.47.57:371][ 22]LogMemory:           112204  -  Primitive memory - STAT_PrimitiveInfoMemory - STATGROUP_SceneMemory - STATCAT_Advanced
[2022.08.24-07.47.57:371][ 22]LogMemory:          2228160  -  Render target memory Cube - STAT_RenderTargetMemoryCube - STATGROUP_RHI - STATCAT_Advanced
[2022.08.24-07.47.57:371][ 22]LogMemory:         46530564  -  Render target memory 3D - STAT_RenderTargetMemory3D - STATGROUP_RHI - STATCAT_Advanced
[2022.08.24-07.47.57:371][ 22]LogMemory:          2185956  -  Structured buffer memory - STAT_StructuredBufferMemory - STATGROUP_RHI - STATCAT_Advanced
[2022.08.24-07.47.57:371][ 22]LogMemory:          1314208  -  Uniform buffer memory - STAT_UniformBufferMemory - STATGROUP_RHI - STATCAT_Advanced
[2022.08.24-07.47.57:371][ 22]LogMemory:         23134260  -  Texture memory Cube - STAT_TextureMemoryCube - STATGROUP_RHI - STATCAT_Advanced
[2022.08.24-07.47.57:371][ 22]LogMemory:         14704716  -  Texture memory 3D - STAT_TextureMemory3D - STATGROUP_RHI - STATCAT_Advanced
[2022.08.24-07.47.57:371][ 22]LogMemory:        754164657  -  Render target memory 2D - STAT_RenderTargetMemory2D - STATGROUP_RHI - STATCAT_Advanced
[2022.08.24-07.47.57:371][ 22]LogMemory:        112618214  -  Texture memory 2D - STAT_TextureMemory2D - STATGROUP_RHI - STATCAT_Advanced
[2022.08.24-07.47.57:371][ 22]LogMemory:          5614568  -  Index buffer memory - STAT_IndexBufferMemory - STATGROUP_RHI - STATCAT_Advanced
[2022.08.24-07.47.57:371][ 22]LogMemory:          9648276  -  Vertex buffer memory - STAT_VertexBufferMemory - STATGROUP_RHI - STATCAT_Advanced
[2022.08.24-07.47.57:372][ 22]LogMemory:          1897120  -  SkeletalMesh Vertex Memory - STAT_SkeletalMeshVertexMemory - STATGROUP_Memory - STATCAT_Advanced
[2022.08.24-07.47.57:372][ 22]LogMemory:          2998710  -  SkeletalMesh Index Memory - STAT_SkeletalMeshIndexMemory - STATGROUP_Memory - STATCAT_Advanced
[2022.08.24-07.47.57:372][ 22]LogMemory:              360  -  Persistent Uber Graph Frame memory - STAT_PersistentUberGraphFrameMemory - STATGROUP_Memory - STATCAT_Advanced
[2022.08.24-07.47.57:372][ 22]LogMemory:                0  -  MemStack Large Block - STAT_MemStackLargeBLock - STATGROUP_Memory - STATCAT_Advanced
[2022.08.24-07.47.57:372][ 22]LogMemory:           393216  -  PageAllocator Used - STAT_PageAllocatorUsed - STATGROUP_Memory - STATCAT_Advanced
[2022.08.24-07.47.57:372][ 22]Log file closed, 08/24/22 16:47:57
